{"environment":"development","level":"info","message":"LocalPro Super App API Started","port":"5000","timestamp":"2025-10-21T23:15:48.682Z"}
{"ip":"::1","level":"info","message":"Request Started","method":"POST","timestamp":"2025-10-21T23:33:40.975Z","url":"/api/auth/send-code","userAgent":"node","userId":null}
{"clientInfo":{"ip":"::1","timestamp":"2025-10-21T23:33:40.986Z","userAgent":"node"},"duration":1273,"isNewUser":false,"level":"info","message":"Verification code sent successfully","phoneNumber":"+6391***","timestamp":"2025-10-21T23:33:42.259Z"}
{"ip":"::1","level":"http","message":"HTTP Request","method":"POST","responseTime":"1287ms","statusCode":200,"timestamp":"2025-10-21T23:33:42.262Z","url":"/api/auth/send-code","userAgent":"node","userId":null}
{"level":"http","message":"::1 - - [21/Oct/2025:23:33:42 +0000] \"POST /api/auth/send-code HTTP/1.1\" 200 82 \"-\" \"node\"","timestamp":"2025-10-21T23:33:42.264Z"}
{"ip":"::1","level":"info","message":"Request Started","method":"POST","timestamp":"2025-10-21T23:33:56.292Z","url":"/api/auth/verify-code","userAgent":"node","userId":null}
{"clientInfo":{"ip":"::1","timestamp":"2025-10-21T23:33:56.293Z","userAgent":"node"},"duration":489,"level":"info","message":"Existing user login successful","onboardingComplete":true,"phoneNumber":"+6391***","timestamp":"2025-10-21T23:33:56.782Z","userId":"68f7265e60f48a4fd66ef03d"}
{"ip":"::1","level":"http","message":"HTTP Request","method":"POST","responseTime":"492ms","statusCode":200,"timestamp":"2025-10-21T23:33:56.784Z","url":"/api/auth/verify-code","userAgent":"node","userId":null}
{"level":"http","message":"::1 - - [21/Oct/2025:23:33:56 +0000] \"POST /api/auth/verify-code HTTP/1.1\" 200 865 \"-\" \"node\"","timestamp":"2025-10-21T23:33:56.786Z"}
{"ip":"::1","level":"info","message":"Request Started","method":"GET","timestamp":"2025-10-21T23:34:01.384Z","url":"/api/logs/user/68f7265e60f48a4fd66ef03d/activity","userAgent":"node","userId":null}
{"ip":"::1","level":"warn","message":"HTTP Request","method":"GET","responseTime":"3ms","statusCode":401,"timestamp":"2025-10-21T23:34:01.387Z","url":"/api/logs/user/68f7265e60f48a4fd66ef03d/activity","userAgent":"node","userId":null}
{"level":"http","message":"::1 - - [21/Oct/2025:23:34:01 +0000] \"GET /api/logs/user/68f7265e60f48a4fd66ef03d/activity HTTP/1.1\" 401 48 \"-\" \"node\"","timestamp":"2025-10-21T23:34:01.389Z"}
{"ip":"::1","level":"info","message":"Request Started","method":"GET","timestamp":"2025-10-21T23:34:01.721Z","url":"/api/logs/user/68f7265e60f48a4fd66ef03d/activity","userAgent":"node","userId":null}
{"ip":"::1","level":"warn","message":"HTTP Request","method":"GET","responseTime":"2ms","statusCode":401,"timestamp":"2025-10-21T23:34:01.723Z","url":"/api/logs/user/68f7265e60f48a4fd66ef03d/activity","userAgent":"node","userId":null}
{"level":"http","message":"::1 - - [21/Oct/2025:23:34:01 +0000] \"GET /api/logs/user/68f7265e60f48a4fd66ef03d/activity HTTP/1.1\" 401 48 \"-\" \"node\"","timestamp":"2025-10-21T23:34:01.725Z"}
{"ip":"::1","level":"info","message":"Request Started","method":"GET","timestamp":"2025-10-21T23:53:13.043Z","url":"/api/logs/user/68f7265e60f48a4fd66ef03d/activity","userAgent":"node","userId":null}
{"ip":"::1","level":"warn","message":"HTTP Request","method":"GET","responseTime":"12ms","statusCode":401,"timestamp":"2025-10-21T23:53:13.055Z","url":"/api/logs/user/68f7265e60f48a4fd66ef03d/activity","userAgent":"node","userId":null}
{"level":"http","message":"::1 - - [21/Oct/2025:23:53:13 +0000] \"GET /api/logs/user/68f7265e60f48a4fd66ef03d/activity HTTP/1.1\" 401 48 \"-\" \"node\"","timestamp":"2025-10-21T23:53:13.057Z"}
{"ip":"::1","level":"info","message":"Request Started","method":"GET","timestamp":"2025-10-21T23:53:13.435Z","url":"/api/logs/user/68f7265e60f48a4fd66ef03d/activity","userAgent":"node","userId":null}
{"ip":"::1","level":"warn","message":"HTTP Request","method":"GET","responseTime":"1ms","statusCode":401,"timestamp":"2025-10-21T23:53:13.436Z","url":"/api/logs/user/68f7265e60f48a4fd66ef03d/activity","userAgent":"node","userId":null}
{"level":"http","message":"::1 - - [21/Oct/2025:23:53:13 +0000] \"GET /api/logs/user/68f7265e60f48a4fd66ef03d/activity HTTP/1.1\" 401 48 \"-\" \"node\"","timestamp":"2025-10-21T23:53:13.437Z"}
{"ip":"::1","level":"info","message":"Request Started","method":"GET","timestamp":"2025-10-22T00:00:53.521Z","url":"/api/logs/user/68f7265e60f48a4fd66ef03d/activity","userAgent":"node","userId":null}
{"ip":"::1","level":"warn","message":"HTTP Request","method":"GET","responseTime":"2ms","statusCode":401,"timestamp":"2025-10-22T00:00:53.523Z","url":"/api/logs/user/68f7265e60f48a4fd66ef03d/activity","userAgent":"node","userId":null}
{"level":"http","message":"::1 - - [22/Oct/2025:00:00:53 +0000] \"GET /api/logs/user/68f7265e60f48a4fd66ef03d/activity HTTP/1.1\" 401 48 \"-\" \"node\"","timestamp":"2025-10-22T00:00:53.525Z"}
{"ip":"::1","level":"info","message":"Request Started","method":"GET","timestamp":"2025-10-22T00:00:54.398Z","url":"/api/logs/user/68f7265e60f48a4fd66ef03d/activity","userAgent":"node","userId":null}
{"ip":"::1","level":"warn","message":"HTTP Request","method":"GET","responseTime":"1ms","statusCode":401,"timestamp":"2025-10-22T00:00:54.399Z","url":"/api/logs/user/68f7265e60f48a4fd66ef03d/activity","userAgent":"node","userId":null}
{"level":"http","message":"::1 - - [22/Oct/2025:00:00:54 +0000] \"GET /api/logs/user/68f7265e60f48a4fd66ef03d/activity HTTP/1.1\" 401 48 \"-\" \"node\"","timestamp":"2025-10-22T00:00:54.401Z"}
{"ip":"::1","level":"info","message":"Request Started","method":"GET","timestamp":"2025-10-22T00:37:14.589Z","url":"/api/logs/user/68f7265e60f48a4fd66ef03d/activity","userAgent":"node","userId":null}
{"ip":"::1","level":"warn","message":"HTTP Request","method":"GET","responseTime":"6ms","statusCode":401,"timestamp":"2025-10-22T00:37:14.595Z","url":"/api/logs/user/68f7265e60f48a4fd66ef03d/activity","userAgent":"node","userId":null}
{"level":"http","message":"::1 - - [22/Oct/2025:00:37:14 +0000] \"GET /api/logs/user/68f7265e60f48a4fd66ef03d/activity HTTP/1.1\" 401 48 \"-\" \"node\"","timestamp":"2025-10-22T00:37:14.597Z"}
{"ip":"::1","level":"info","message":"Request Started","method":"GET","timestamp":"2025-10-22T00:37:14.942Z","url":"/api/logs/user/68f7265e60f48a4fd66ef03d/activity","userAgent":"node","userId":null}
{"ip":"::1","level":"warn","message":"HTTP Request","method":"GET","responseTime":"1ms","statusCode":401,"timestamp":"2025-10-22T00:37:14.943Z","url":"/api/logs/user/68f7265e60f48a4fd66ef03d/activity","userAgent":"node","userId":null}
{"level":"http","message":"::1 - - [22/Oct/2025:00:37:14 +0000] \"GET /api/logs/user/68f7265e60f48a4fd66ef03d/activity HTTP/1.1\" 401 48 \"-\" \"node\"","timestamp":"2025-10-22T00:37:14.946Z"}
{"ip":"::1","level":"info","message":"Request Started","method":"GET","timestamp":"2025-10-22T00:46:40.122Z","url":"/api/logs/user/68f7265e60f48a4fd66ef03d/activity","userAgent":"node","userId":null}
{"ip":"::1","level":"warn","message":"HTTP Request","method":"GET","responseTime":"4ms","statusCode":401,"timestamp":"2025-10-22T00:46:40.126Z","url":"/api/logs/user/68f7265e60f48a4fd66ef03d/activity","userAgent":"node","userId":null}
{"level":"http","message":"::1 - - [22/Oct/2025:00:46:40 +0000] \"GET /api/logs/user/68f7265e60f48a4fd66ef03d/activity HTTP/1.1\" 401 48 \"-\" \"node\"","timestamp":"2025-10-22T00:46:40.128Z"}
{"ip":"::1","level":"info","message":"Request Started","method":"GET","timestamp":"2025-10-22T00:46:40.505Z","url":"/api/logs/user/68f7265e60f48a4fd66ef03d/activity","userAgent":"node","userId":null}
{"ip":"::1","level":"warn","message":"HTTP Request","method":"GET","responseTime":"1ms","statusCode":401,"timestamp":"2025-10-22T00:46:40.507Z","url":"/api/logs/user/68f7265e60f48a4fd66ef03d/activity","userAgent":"node","userId":null}
{"level":"http","message":"::1 - - [22/Oct/2025:00:46:40 +0000] \"GET /api/logs/user/68f7265e60f48a4fd66ef03d/activity HTTP/1.1\" 401 48 \"-\" \"node\"","timestamp":"2025-10-22T00:46:40.508Z"}
{"ip":"::1","level":"info","message":"Request Started","method":"GET","timestamp":"2025-10-22T00:51:16.903Z","url":"/api/logs/user/68f7265e60f48a4fd66ef03d/activity","userAgent":"node","userId":null}
{"ip":"::1","level":"warn","message":"HTTP Request","method":"GET","responseTime":"9ms","statusCode":401,"timestamp":"2025-10-22T00:51:16.913Z","url":"/api/logs/user/68f7265e60f48a4fd66ef03d/activity","userAgent":"node","userId":null}
{"level":"http","message":"::1 - - [22/Oct/2025:00:51:16 +0000] \"GET /api/logs/user/68f7265e60f48a4fd66ef03d/activity HTTP/1.1\" 401 48 \"-\" \"node\"","timestamp":"2025-10-22T00:51:16.917Z"}
{"ip":"::1","level":"info","message":"Request Started","method":"GET","timestamp":"2025-10-22T00:51:18.595Z","url":"/api/logs/user/68f7265e60f48a4fd66ef03d/activity","userAgent":"node","userId":null}
{"ip":"::1","level":"warn","message":"HTTP Request","method":"GET","responseTime":"3ms","statusCode":401,"timestamp":"2025-10-22T00:51:18.598Z","url":"/api/logs/user/68f7265e60f48a4fd66ef03d/activity","userAgent":"node","userId":null}
{"level":"http","message":"::1 - - [22/Oct/2025:00:51:18 +0000] \"GET /api/logs/user/68f7265e60f48a4fd66ef03d/activity HTTP/1.1\" 401 48 \"-\" \"node\"","timestamp":"2025-10-22T00:51:18.607Z"}
{"environment":"development","level":"info","message":"LocalPro Super App API Started","port":"5000","timestamp":"2025-10-22T01:12:15.272Z"}
{"ip":"::1","level":"info","message":"Request Started","method":"GET","timestamp":"2025-10-22T01:12:34.415Z","url":"/","userAgent":"Mozilla/5.0 (Windows NT 10.0; Win64; x64) AppleWebKit/537.36 (KHTML, like Gecko) Chrome/141.0.0.0 Safari/537.36","userId":null}
{"ip":"::1","level":"http","message":"HTTP Request","method":"GET","responseTime":"4ms","statusCode":200,"timestamp":"2025-10-22T01:12:34.419Z","url":"/","userAgent":"Mozilla/5.0 (Windows NT 10.0; Win64; x64) AppleWebKit/537.36 (KHTML, like Gecko) Chrome/141.0.0.0 Safari/537.36","userId":null}
{"level":"http","message":"::1 - - [22/Oct/2025:01:12:34 +0000] \"GET / HTTP/1.1\" 200 1416 \"-\" \"Mozilla/5.0 (Windows NT 10.0; Win64; x64) AppleWebKit/537.36 (KHTML, like Gecko) Chrome/141.0.0.0 Safari/537.36\"","timestamp":"2025-10-22T01:12:34.425Z"}
{"ip":"::1","level":"info","message":"Request Started","method":"GET","timestamp":"2025-10-22T01:12:34.565Z","url":"/favicon.ico","userAgent":"Mozilla/5.0 (Windows NT 10.0; Win64; x64) AppleWebKit/537.36 (KHTML, like Gecko) Chrome/141.0.0.0 Safari/537.36","userId":null}
{"ip":"::1","level":"warn","message":"HTTP Request","method":"GET","responseTime":"2ms","statusCode":404,"timestamp":"2025-10-22T01:12:34.567Z","url":"/favicon.ico","userAgent":"Mozilla/5.0 (Windows NT 10.0; Win64; x64) AppleWebKit/537.36 (KHTML, like Gecko) Chrome/141.0.0.0 Safari/537.36","userId":null}
{"level":"http","message":"::1 - - [22/Oct/2025:01:12:34 +0000] \"GET /favicon.ico HTTP/1.1\" 404 52 \"-\" \"Mozilla/5.0 (Windows NT 10.0; Win64; x64) AppleWebKit/537.36 (KHTML, like Gecko) Chrome/141.0.0.0 Safari/537.36\"","timestamp":"2025-10-22T01:12:34.579Z"}
{"ip":"::1","level":"info","message":"Request Started","method":"GET","timestamp":"2025-10-22T01:13:08.367Z","url":"/health","userAgent":"Mozilla/5.0 (Windows NT 10.0; Win64; x64) AppleWebKit/537.36 (KHTML, like Gecko) Chrome/141.0.0.0 Safari/537.36","userId":null}
{"ip":"::1","level":"http","message":"HTTP Request","method":"GET","responseTime":"2ms","statusCode":200,"timestamp":"2025-10-22T01:13:08.369Z","url":"/health","userAgent":"Mozilla/5.0 (Windows NT 10.0; Win64; x64) AppleWebKit/537.36 (KHTML, like Gecko) Chrome/141.0.0.0 Safari/537.36","userId":null}
{"level":"http","message":"::1 - - [22/Oct/2025:01:13:08 +0000] \"GET /health HTTP/1.1\" 200 576 \"-\" \"Mozilla/5.0 (Windows NT 10.0; Win64; x64) AppleWebKit/537.36 (KHTML, like Gecko) Chrome/141.0.0.0 Safari/537.36\"","timestamp":"2025-10-22T01:13:08.371Z"}
{"ip":"::1","level":"info","message":"Request Started","method":"POST","timestamp":"2025-10-22T02:52:03.402Z","url":"/api/auth/send-code","userAgent":"node","userId":null}
{"clientInfo":{"ip":"::1","timestamp":"2025-10-22T02:52:03.428Z","userAgent":"node"},"duration":1498,"isNewUser":false,"level":"info","message":"Verification code sent successfully","phoneNumber":"+6391***","timestamp":"2025-10-22T02:52:04.925Z"}
{"ip":"::1","level":"http","message":"HTTP Request","method":"POST","responseTime":"1525ms","statusCode":200,"timestamp":"2025-10-22T02:52:04.927Z","url":"/api/auth/send-code","userAgent":"node","userId":null}
{"level":"http","message":"::1 - - [22/Oct/2025:02:52:04 +0000] \"POST /api/auth/send-code HTTP/1.1\" 200 82 \"-\" \"node\"","timestamp":"2025-10-22T02:52:04.928Z"}
{"ip":"::1","level":"info","message":"Request Started","method":"POST","timestamp":"2025-10-22T02:52:19.452Z","url":"/api/auth/verify-code","userAgent":"node","userId":null}
{"clientInfo":{"ip":"::1","timestamp":"2025-10-22T02:52:19.453Z","userAgent":"node"},"duration":1102,"level":"info","message":"Existing user login successful","onboardingComplete":true,"phoneNumber":"+6391***","timestamp":"2025-10-22T02:52:20.555Z","userId":"68f7265e60f48a4fd66ef03d"}
{"ip":"::1","level":"http","message":"HTTP Request","method":"POST","responseTime":"1105ms","statusCode":200,"timestamp":"2025-10-22T02:52:20.557Z","url":"/api/auth/verify-code","userAgent":"node","userId":null}
{"level":"http","message":"::1 - - [22/Oct/2025:02:52:20 +0000] \"POST /api/auth/verify-code HTTP/1.1\" 200 865 \"-\" \"node\"","timestamp":"2025-10-22T02:52:20.559Z"}
{"ip":"::1","level":"info","message":"Request Started","method":"GET","timestamp":"2025-10-22T02:52:26.574Z","url":"/api/logs/user/68f7265e60f48a4fd66ef03d/activity","userAgent":"node","userId":null}
{"ip":"::1","level":"warn","message":"HTTP Request","method":"GET","responseTime":"3ms","statusCode":401,"timestamp":"2025-10-22T02:52:26.577Z","url":"/api/logs/user/68f7265e60f48a4fd66ef03d/activity","userAgent":"node","userId":null}
{"level":"http","message":"::1 - - [22/Oct/2025:02:52:26 +0000] \"GET /api/logs/user/68f7265e60f48a4fd66ef03d/activity HTTP/1.1\" 401 48 \"-\" \"node\"","timestamp":"2025-10-22T02:52:26.577Z"}
{"ip":"::1","level":"info","message":"Request Started","method":"GET","timestamp":"2025-10-22T02:52:26.974Z","url":"/api/logs/user/68f7265e60f48a4fd66ef03d/activity","userAgent":"node","userId":null}
{"ip":"::1","level":"warn","message":"HTTP Request","method":"GET","responseTime":"1ms","statusCode":401,"timestamp":"2025-10-22T02:52:26.975Z","url":"/api/logs/user/68f7265e60f48a4fd66ef03d/activity","userAgent":"node","userId":null}
{"level":"http","message":"::1 - - [22/Oct/2025:02:52:26 +0000] \"GET /api/logs/user/68f7265e60f48a4fd66ef03d/activity HTTP/1.1\" 401 48 \"-\" \"node\"","timestamp":"2025-10-22T02:52:26.977Z"}
{"environment":"development","level":"info","message":"LocalPro Super App API Started","port":"5000","timestamp":"2025-10-22T02:57:58.456Z"}
{"environment":"development","level":"info","message":"LocalPro Super App API Started","port":"5000","timestamp":"2025-10-22T03:00:57.990Z"}
{"ip":"::1","level":"info","message":"Request Started","method":"GET","timestamp":"2025-10-22T03:01:18.568Z","url":"/api/logs/user/68f7265e60f48a4fd66ef03d/activity","userAgent":"node","userId":null}
{"ip":"::1","level":"warn","message":"HTTP Request","method":"GET","responseTime":"85ms","statusCode":401,"timestamp":"2025-10-22T03:01:18.653Z","url":"/api/logs/user/68f7265e60f48a4fd66ef03d/activity","userAgent":"node","userId":null}
{"level":"http","message":"::1 - - [22/Oct/2025:03:01:18 +0000] \"GET /api/logs/user/68f7265e60f48a4fd66ef03d/activity HTTP/1.1\" 401 48 \"-\" \"node\"","timestamp":"2025-10-22T03:01:18.905Z"}
{"environment":"development","level":"info","message":"LocalPro Super App API Started","port":"5000","timestamp":"2025-10-22T03:02:25.101Z"}
{"environment":"development","level":"info","message":"LocalPro Super App API Started","port":"5000","timestamp":"2025-10-22T03:03:20.846Z"}
{"environment":"development","level":"info","message":"LocalPro Super App API Started","port":"5000","timestamp":"2025-10-22T03:03:31.650Z"}
{"environment":"development","level":"info","message":"LocalPro Super App API Started","port":"5000","timestamp":"2025-10-22T03:03:43.206Z"}
{"environment":"development","level":"info","message":"LocalPro Super App API Started","port":"5000","timestamp":"2025-10-22T03:10:15.488Z"}
{"ip":"::1","level":"info","message":"Request Started","method":"GET","timestamp":"2025-10-22T03:11:42.550Z","url":"/api/logs/user/68f7265e60f48a4fd66ef03d/activity","userAgent":"node","userId":null}
{"ip":"::1","level":"warn","message":"HTTP Request","method":"GET","responseTime":"4ms","statusCode":401,"timestamp":"2025-10-22T03:11:42.554Z","url":"/api/logs/user/68f7265e60f48a4fd66ef03d/activity","userAgent":"node","userId":null}
{"level":"http","message":"::1 - - [22/Oct/2025:03:11:42 +0000] \"GET /api/logs/user/68f7265e60f48a4fd66ef03d/activity HTTP/1.1\" 401 48 \"-\" \"node\"","timestamp":"2025-10-22T03:11:42.559Z"}
{"ip":"::1","level":"info","message":"Request Started","method":"GET","timestamp":"2025-10-22T03:11:43.757Z","url":"/api/logs/user/68f7265e60f48a4fd66ef03d/activity","userAgent":"node","userId":null}
{"ip":"::1","level":"warn","message":"HTTP Request","method":"GET","responseTime":"2ms","statusCode":401,"timestamp":"2025-10-22T03:11:43.759Z","url":"/api/logs/user/68f7265e60f48a4fd66ef03d/activity","userAgent":"node","userId":null}
{"level":"http","message":"::1 - - [22/Oct/2025:03:11:43 +0000] \"GET /api/logs/user/68f7265e60f48a4fd66ef03d/activity HTTP/1.1\" 401 48 \"-\" \"node\"","timestamp":"2025-10-22T03:11:43.761Z"}
{"ip":"::1","level":"info","message":"Request Started","method":"GET","timestamp":"2025-10-22T03:13:40.421Z","url":"/api/logs/user/68f7265e60f48a4fd66ef03d/activity","userAgent":"node","userId":null}
{"ip":"::1","level":"warn","message":"HTTP Request","method":"GET","responseTime":"2ms","statusCode":401,"timestamp":"2025-10-22T03:13:40.423Z","url":"/api/logs/user/68f7265e60f48a4fd66ef03d/activity","userAgent":"node","userId":null}
{"level":"http","message":"::1 - - [22/Oct/2025:03:13:40 +0000] \"GET /api/logs/user/68f7265e60f48a4fd66ef03d/activity HTTP/1.1\" 401 48 \"-\" \"node\"","timestamp":"2025-10-22T03:13:40.428Z"}
{"ip":"::1","level":"info","message":"Request Started","method":"GET","timestamp":"2025-10-22T03:17:36.040Z","url":"/api/logs/user/68f7265e60f48a4fd66ef03d/activity","userAgent":"node","userId":null}
{"ip":"::1","level":"warn","message":"HTTP Request","method":"GET","responseTime":"12ms","statusCode":401,"timestamp":"2025-10-22T03:17:36.051Z","url":"/api/logs/user/68f7265e60f48a4fd66ef03d/activity","userAgent":"node","userId":null}
{"level":"http","message":"::1 - - [22/Oct/2025:03:17:36 +0000] \"GET /api/logs/user/68f7265e60f48a4fd66ef03d/activity HTTP/1.1\" 401 48 \"-\" \"node\"","timestamp":"2025-10-22T03:17:36.103Z"}
{"ip":"::1","level":"info","message":"Request Started","method":"GET","timestamp":"2025-10-22T03:17:38.398Z","url":"/api/logs/user/68f7265e60f48a4fd66ef03d/activity","userAgent":"node","userId":null}
{"ip":"::1","level":"warn","message":"HTTP Request","method":"GET","responseTime":"8ms","statusCode":401,"timestamp":"2025-10-22T03:17:38.406Z","url":"/api/logs/user/68f7265e60f48a4fd66ef03d/activity","userAgent":"node","userId":null}
{"level":"http","message":"::1 - - [22/Oct/2025:03:17:38 +0000] \"GET /api/logs/user/68f7265e60f48a4fd66ef03d/activity HTTP/1.1\" 401 48 \"-\" \"node\"","timestamp":"2025-10-22T03:17:38.414Z"}
{"ip":"::1","level":"info","message":"Request Started","method":"GET","timestamp":"2025-10-22T03:17:45.386Z","url":"/api/logs/user/68f7265e60f48a4fd66ef03d/activity","userAgent":"node","userId":null}
{"ip":"::1","level":"warn","message":"HTTP Request","method":"GET","responseTime":"18ms","statusCode":401,"timestamp":"2025-10-22T03:17:45.404Z","url":"/api/logs/user/68f7265e60f48a4fd66ef03d/activity","userAgent":"node","userId":null}
{"level":"http","message":"::1 - - [22/Oct/2025:03:17:45 +0000] \"GET /api/logs/user/68f7265e60f48a4fd66ef03d/activity HTTP/1.1\" 401 48 \"-\" \"node\"","timestamp":"2025-10-22T03:17:45.452Z"}
{"ip":"::1","level":"info","message":"Request Started","method":"GET","timestamp":"2025-10-22T03:17:48.387Z","url":"/api/logs/user/68f7265e60f48a4fd66ef03d/activity","userAgent":"node","userId":null}
{"ip":"::1","level":"warn","message":"HTTP Request","method":"GET","responseTime":"1ms","statusCode":401,"timestamp":"2025-10-22T03:17:48.388Z","url":"/api/logs/user/68f7265e60f48a4fd66ef03d/activity","userAgent":"node","userId":null}
{"level":"http","message":"::1 - - [22/Oct/2025:03:17:48 +0000] \"GET /api/logs/user/68f7265e60f48a4fd66ef03d/activity HTTP/1.1\" 401 48 \"-\" \"node\"","timestamp":"2025-10-22T03:17:48.403Z"}
{"ip":"::1","level":"info","message":"Request Started","method":"GET","timestamp":"2025-10-22T03:21:32.922Z","url":"/api/logs/user/68f7265e60f48a4fd66ef03d/activity","userAgent":"node","userId":null}
{"ip":"::1","level":"warn","message":"HTTP Request","method":"GET","responseTime":"3ms","statusCode":401,"timestamp":"2025-10-22T03:21:32.926Z","url":"/api/logs/user/68f7265e60f48a4fd66ef03d/activity","userAgent":"node","userId":null}
{"level":"http","message":"::1 - - [22/Oct/2025:03:21:32 +0000] \"GET /api/logs/user/68f7265e60f48a4fd66ef03d/activity HTTP/1.1\" 401 48 \"-\" \"node\"","timestamp":"2025-10-22T03:21:32.937Z"}
{"ip":"::1","level":"info","message":"Request Started","method":"GET","timestamp":"2025-10-22T03:21:38.500Z","url":"/api/logs/user/68f7265e60f48a4fd66ef03d/activity","userAgent":"node","userId":null}
{"ip":"::1","level":"warn","message":"HTTP Request","method":"GET","responseTime":"3ms","statusCode":401,"timestamp":"2025-10-22T03:21:38.503Z","url":"/api/logs/user/68f7265e60f48a4fd66ef03d/activity","userAgent":"node","userId":null}
{"level":"http","message":"::1 - - [22/Oct/2025:03:21:38 +0000] \"GET /api/logs/user/68f7265e60f48a4fd66ef03d/activity HTTP/1.1\" 401 48 \"-\" \"node\"","timestamp":"2025-10-22T03:21:38.508Z"}
{"ip":"::1","level":"info","message":"Request Started","method":"GET","timestamp":"2025-10-22T03:21:39.754Z","url":"/api/logs/user/68f7265e60f48a4fd66ef03d/activity","userAgent":"node","userId":null}
{"ip":"::1","level":"warn","message":"HTTP Request","method":"GET","responseTime":"1ms","statusCode":401,"timestamp":"2025-10-22T03:21:39.755Z","url":"/api/logs/user/68f7265e60f48a4fd66ef03d/activity","userAgent":"node","userId":null}
{"level":"http","message":"::1 - - [22/Oct/2025:03:21:39 +0000] \"GET /api/logs/user/68f7265e60f48a4fd66ef03d/activity HTTP/1.1\" 401 48 \"-\" \"node\"","timestamp":"2025-10-22T03:21:39.758Z"}
{"ip":"::1","level":"info","message":"Request Started","method":"GET","timestamp":"2025-10-22T03:33:51.709Z","url":"/api/logs/user/68f7265e60f48a4fd66ef03d/activity","userAgent":"node","userId":null}
{"ip":"::1","level":"warn","message":"HTTP Request","method":"GET","responseTime":"17ms","statusCode":401,"timestamp":"2025-10-22T03:33:51.726Z","url":"/api/logs/user/68f7265e60f48a4fd66ef03d/activity","userAgent":"node","userId":null}
{"level":"http","message":"::1 - - [22/Oct/2025:03:33:51 +0000] \"GET /api/logs/user/68f7265e60f48a4fd66ef03d/activity HTTP/1.1\" 401 48 \"-\" \"node\"","timestamp":"2025-10-22T03:33:51.729Z"}
{"ip":"::1","level":"info","message":"Request Started","method":"GET","timestamp":"2025-10-22T03:33:52.600Z","url":"/api/logs/user/68f7265e60f48a4fd66ef03d/activity","userAgent":"node","userId":null}
{"ip":"::1","level":"warn","message":"HTTP Request","method":"GET","responseTime":"2ms","statusCode":401,"timestamp":"2025-10-22T03:33:52.602Z","url":"/api/logs/user/68f7265e60f48a4fd66ef03d/activity","userAgent":"node","userId":null}
{"level":"http","message":"::1 - - [22/Oct/2025:03:33:52 +0000] \"GET /api/logs/user/68f7265e60f48a4fd66ef03d/activity HTTP/1.1\" 401 48 \"-\" \"node\"","timestamp":"2025-10-22T03:33:52.603Z"}
{"ip":"::1","level":"info","message":"Request Started","method":"GET","timestamp":"2025-10-22T03:39:11.832Z","url":"/api/logs/user/68f7265e60f48a4fd66ef03d/activity","userAgent":"node","userId":null}
{"ip":"::1","level":"warn","message":"HTTP Request","method":"GET","responseTime":"4ms","statusCode":401,"timestamp":"2025-10-22T03:39:11.837Z","url":"/api/logs/user/68f7265e60f48a4fd66ef03d/activity","userAgent":"node","userId":null}
{"level":"http","message":"::1 - - [22/Oct/2025:03:39:11 +0000] \"GET /api/logs/user/68f7265e60f48a4fd66ef03d/activity HTTP/1.1\" 401 48 \"-\" \"node\"","timestamp":"2025-10-22T03:39:11.839Z"}
{"ip":"::1","level":"info","message":"Request Started","method":"GET","timestamp":"2025-10-22T03:39:12.814Z","url":"/api/logs/user/68f7265e60f48a4fd66ef03d/activity","userAgent":"node","userId":null}
{"ip":"::1","level":"warn","message":"HTTP Request","method":"GET","responseTime":"3ms","statusCode":401,"timestamp":"2025-10-22T03:39:12.817Z","url":"/api/logs/user/68f7265e60f48a4fd66ef03d/activity","userAgent":"node","userId":null}
{"level":"http","message":"::1 - - [22/Oct/2025:03:39:12 +0000] \"GET /api/logs/user/68f7265e60f48a4fd66ef03d/activity HTTP/1.1\" 401 48 \"-\" \"node\"","timestamp":"2025-10-22T03:39:12.818Z"}
{"ip":"::1","level":"info","message":"Request Started","method":"GET","timestamp":"2025-10-22T03:40:29.607Z","url":"/api/logs/user/68f7265e60f48a4fd66ef03d/activity","userAgent":"node","userId":null}
{"ip":"::1","level":"warn","message":"HTTP Request","method":"GET","responseTime":"3ms","statusCode":401,"timestamp":"2025-10-22T03:40:29.609Z","url":"/api/logs/user/68f7265e60f48a4fd66ef03d/activity","userAgent":"node","userId":null}
{"level":"http","message":"::1 - - [22/Oct/2025:03:40:29 +0000] \"GET /api/logs/user/68f7265e60f48a4fd66ef03d/activity HTTP/1.1\" 401 48 \"-\" \"node\"","timestamp":"2025-10-22T03:40:29.613Z"}
{"ip":"::1","level":"info","message":"Request Started","method":"GET","timestamp":"2025-10-22T03:41:32.398Z","url":"/api/logs/user/68f7265e60f48a4fd66ef03d/activity","userAgent":"node","userId":null}
{"ip":"::1","level":"warn","message":"HTTP Request","method":"GET","responseTime":"2ms","statusCode":401,"timestamp":"2025-10-22T03:41:32.400Z","url":"/api/logs/user/68f7265e60f48a4fd66ef03d/activity","userAgent":"node","userId":null}
{"level":"http","message":"::1 - - [22/Oct/2025:03:41:32 +0000] \"GET /api/logs/user/68f7265e60f48a4fd66ef03d/activity HTTP/1.1\" 401 48 \"-\" \"node\"","timestamp":"2025-10-22T03:41:32.401Z"}
{"ip":"::1","level":"info","message":"Request Started","method":"GET","timestamp":"2025-10-22T03:41:33.864Z","url":"/api/logs/user/68f7265e60f48a4fd66ef03d/activity","userAgent":"node","userId":null}
{"ip":"::1","level":"warn","message":"HTTP Request","method":"GET","responseTime":"2ms","statusCode":401,"timestamp":"2025-10-22T03:41:33.866Z","url":"/api/logs/user/68f7265e60f48a4fd66ef03d/activity","userAgent":"node","userId":null}
{"level":"http","message":"::1 - - [22/Oct/2025:03:41:33 +0000] \"GET /api/logs/user/68f7265e60f48a4fd66ef03d/activity HTTP/1.1\" 401 48 \"-\" \"node\"","timestamp":"2025-10-22T03:41:33.867Z"}
{"ip":"::1","level":"info","message":"Request Started","method":"GET","timestamp":"2025-10-22T03:41:38.502Z","url":"/api/logs/user/68f7265e60f48a4fd66ef03d/activity","userAgent":"node","userId":null}
{"ip":"::1","level":"warn","message":"HTTP Request","method":"GET","responseTime":"2ms","statusCode":401,"timestamp":"2025-10-22T03:41:38.504Z","url":"/api/logs/user/68f7265e60f48a4fd66ef03d/activity","userAgent":"node","userId":null}
{"level":"http","message":"::1 - - [22/Oct/2025:03:41:38 +0000] \"GET /api/logs/user/68f7265e60f48a4fd66ef03d/activity HTTP/1.1\" 401 48 \"-\" \"node\"","timestamp":"2025-10-22T03:41:38.506Z"}
{"ip":"::1","level":"info","message":"Request Started","method":"GET","timestamp":"2025-10-22T03:41:38.994Z","url":"/api/logs/user/68f7265e60f48a4fd66ef03d/activity","userAgent":"node","userId":null}
{"ip":"::1","level":"warn","message":"HTTP Request","method":"GET","responseTime":"1ms","statusCode":401,"timestamp":"2025-10-22T03:41:38.995Z","url":"/api/logs/user/68f7265e60f48a4fd66ef03d/activity","userAgent":"node","userId":null}
{"level":"http","message":"::1 - - [22/Oct/2025:03:41:38 +0000] \"GET /api/logs/user/68f7265e60f48a4fd66ef03d/activity HTTP/1.1\" 401 48 \"-\" \"node\"","timestamp":"2025-10-22T03:41:38.995Z"}
{"environment":"development","level":"info","message":"LocalPro Super App API Started","port":"5000","timestamp":"2025-10-22T03:44:25.736Z"}
{"environment":"development","level":"info","message":"LocalPro Super App API Started","port":"5000","timestamp":"2025-10-22T03:46:23.757Z"}
{"environment":"development","level":"info","message":"LocalPro Super App API Started","port":"5000","timestamp":"2025-10-22T03:47:45.652Z"}
{"environment":"development","level":"info","message":"LocalPro Super App API Started","port":"5000","timestamp":"2025-10-22T03:47:51.083Z"}
{"environment":"development","level":"info","message":"LocalPro Super App API Started","port":"5000","timestamp":"2025-10-22T03:47:54.972Z"}
{"environment":"development","level":"info","message":"LocalPro Super App API Started","port":"5000","timestamp":"2025-10-22T03:47:59.437Z"}
{"environment":"development","level":"info","message":"LocalPro Super App API Started","port":"5000","timestamp":"2025-10-22T03:48:03.288Z"}
{"environment":"development","level":"info","message":"LocalPro Super App API Started","port":"5000","timestamp":"2025-10-22T03:48:43.283Z"}
{"environment":"development","level":"info","message":"LocalPro Super App API Started","port":"5000","timestamp":"2025-10-22T03:48:58.203Z"}
{"environment":"development","level":"info","message":"LocalPro Super App API Started","port":"5000","timestamp":"2025-10-22T03:49:56.770Z"}
