{"environment":"development","level":"info","message":"LocalPro Super App API Started","port":"5000","timestamp":"2025-10-24T03:29:49.082Z"}
{"environment":"development","level":"info","message":"LocalPro Super App API Started","port":"5000","timestamp":"2025-10-24T03:29:53.300Z"}
{"environment":"development","level":"info","message":"LocalPro Super App API Started","port":"5000","timestamp":"2025-10-24T03:30:02.338Z"}
{"ip":"::1","level":"info","message":"Request Started","method":"GET","timestamp":"2025-10-24T03:37:02.064Z","url":"/api/localpro-plus/usage","userAgent":"node","userId":null}
{"ip":"::1","level":"warn","message":"HTTP Request","method":"GET","responseTime":"203ms","statusCode":404,"timestamp":"2025-10-24T03:37:02.266Z","url":"/api/localpro-plus/usage","userAgent":"node","userId":"68f7265e60f48a4fd66ef03d"}
{"level":"http","message":"::1 - - [24/Oct/2025:03:37:02 +0000] \"GET /api/localpro-plus/usage HTTP/1.1\" 404 71 \"-\" \"node\"","timestamp":"2025-10-24T03:37:02.271Z"}
{"ip":"::1","level":"info","message":"Request Started","method":"GET","timestamp":"2025-10-24T03:37:02.659Z","url":"/api/localpro-plus/usage","userAgent":"node","userId":null}
{"ip":"::1","level":"warn","message":"HTTP Request","method":"GET","responseTime":"99ms","statusCode":404,"timestamp":"2025-10-24T03:37:02.758Z","url":"/api/localpro-plus/usage","userAgent":"node","userId":"68f7265e60f48a4fd66ef03d"}
{"level":"http","message":"::1 - - [24/Oct/2025:03:37:02 +0000] \"GET /api/localpro-plus/usage HTTP/1.1\" 404 71 \"-\" \"node\"","timestamp":"2025-10-24T03:37:02.760Z"}
{"ip":"::1","level":"info","message":"Request Started","method":"POST","timestamp":"2025-10-24T03:39:17.957Z","url":"/api/localpro-plus/subscribe","userAgent":"node","userId":null}
{"ip":"::1","level":"warn","message":"HTTP Request","method":"POST","responseTime":"51ms","statusCode":404,"timestamp":"2025-10-24T03:39:18.008Z","url":"/api/localpro-plus/subscribe","userAgent":"node","userId":"68f7265e60f48a4fd66ef03d"}
{"level":"http","message":"::1 - - [24/Oct/2025:03:39:18 +0000] \"POST /api/localpro-plus/subscribe HTTP/1.1\" 404 52 \"-\" \"node\"","timestamp":"2025-10-24T03:39:18.013Z"}
{"action":"admin_action","actor":"68f7265e60f48a4fd66ef03d","auditId":"6f14013c197d5329d00f745cea6e39c5","category":"system","level":"info","message":"Audit Event Logged","severity":"low","target":"system","timestamp":"2025-10-24T03:39:18.127Z"}
{"ip":"::1","level":"info","message":"Request Started","method":"GET","timestamp":"2025-10-24T03:52:42.015Z","url":"/api/localpro-plus/usage","userAgent":"node","userId":null}
{"ip":"::1","level":"warn","message":"HTTP Request","method":"GET","responseTime":"149ms","statusCode":404,"timestamp":"2025-10-24T03:52:42.164Z","url":"/api/localpro-plus/usage","userAgent":"node","userId":"68f7265e60f48a4fd66ef03d"}
{"level":"http","message":"::1 - - [24/Oct/2025:03:52:42 +0000] \"GET /api/localpro-plus/usage HTTP/1.1\" 404 71 \"-\" \"node\"","timestamp":"2025-10-24T03:52:42.166Z"}
{"ip":"::1","level":"info","message":"Request Started","method":"GET","timestamp":"2025-10-24T03:52:42.571Z","url":"/api/localpro-plus/usage","userAgent":"node","userId":null}
{"ip":"::1","level":"warn","message":"HTTP Request","method":"GET","responseTime":"94ms","statusCode":404,"timestamp":"2025-10-24T03:52:42.665Z","url":"/api/localpro-plus/usage","userAgent":"node","userId":"68f7265e60f48a4fd66ef03d"}
{"level":"http","message":"::1 - - [24/Oct/2025:03:52:42 +0000] \"GET /api/localpro-plus/usage HTTP/1.1\" 404 71 \"-\" \"node\"","timestamp":"2025-10-24T03:52:42.667Z"}
{"ip":"::1","level":"info","message":"Request Started","method":"GET","timestamp":"2025-10-24T03:52:45.490Z","url":"/api/localpro-plus/usage","userAgent":"node","userId":null}
{"ip":"::1","level":"warn","message":"HTTP Request","method":"GET","responseTime":"233ms","statusCode":404,"timestamp":"2025-10-24T03:52:45.723Z","url":"/api/localpro-plus/usage","userAgent":"node","userId":"68f7265e60f48a4fd66ef03d"}
{"level":"http","message":"::1 - - [24/Oct/2025:03:52:45 +0000] \"GET /api/localpro-plus/usage HTTP/1.1\" 404 71 \"-\" \"node\"","timestamp":"2025-10-24T03:52:45.724Z"}
{"ip":"::1","level":"info","message":"Request Started","method":"GET","timestamp":"2025-10-24T03:52:46.158Z","url":"/api/localpro-plus/usage","userAgent":"node","userId":null}
{"ip":"::1","level":"warn","message":"HTTP Request","method":"GET","responseTime":"93ms","statusCode":404,"timestamp":"2025-10-24T03:52:46.251Z","url":"/api/localpro-plus/usage","userAgent":"node","userId":"68f7265e60f48a4fd66ef03d"}
{"level":"http","message":"::1 - - [24/Oct/2025:03:52:46 +0000] \"GET /api/localpro-plus/usage HTTP/1.1\" 404 71 \"-\" \"node\"","timestamp":"2025-10-24T03:52:46.254Z"}
{"ip":"::1","level":"info","message":"Request Started","method":"GET","timestamp":"2025-10-24T03:52:49.599Z","url":"/api/localpro-plus/usage","userAgent":"node","userId":null}
{"ip":"::1","level":"warn","message":"HTTP Request","method":"GET","responseTime":"94ms","statusCode":404,"timestamp":"2025-10-24T03:52:49.693Z","url":"/api/localpro-plus/usage","userAgent":"node","userId":"68f7265e60f48a4fd66ef03d"}
{"level":"http","message":"::1 - - [24/Oct/2025:03:52:49 +0000] \"GET /api/localpro-plus/usage HTTP/1.1\" 404 71 \"-\" \"node\"","timestamp":"2025-10-24T03:52:49.694Z"}
{"ip":"::1","level":"info","message":"Request Started","method":"GET","timestamp":"2025-10-24T03:52:50.193Z","url":"/api/localpro-plus/usage","userAgent":"node","userId":null}
{"ip":"::1","level":"warn","message":"HTTP Request","method":"GET","responseTime":"96ms","statusCode":404,"timestamp":"2025-10-24T03:52:50.289Z","url":"/api/localpro-plus/usage","userAgent":"node","userId":"68f7265e60f48a4fd66ef03d"}
{"level":"http","message":"::1 - - [24/Oct/2025:03:52:50 +0000] \"GET /api/localpro-plus/usage HTTP/1.1\" 404 71 \"-\" \"node\"","timestamp":"2025-10-24T03:52:50.291Z"}
{"ip":"::1","level":"info","message":"Request Started","method":"GET","timestamp":"2025-10-24T04:52:45.544Z","url":"/api/localpro-plus/usage","userAgent":"node","userId":null}
{"ip":"::1","level":"warn","message":"HTTP Request","method":"GET","responseTime":"526ms","statusCode":404,"timestamp":"2025-10-24T04:52:46.069Z","url":"/api/localpro-plus/usage","userAgent":"node","userId":"68f7265e60f48a4fd66ef03d"}
{"level":"http","message":"::1 - - [24/Oct/2025:04:52:46 +0000] \"GET /api/localpro-plus/usage HTTP/1.1\" 404 71 \"-\" \"node\"","timestamp":"2025-10-24T04:52:46.072Z"}
{"ip":"::1","level":"info","message":"Request Started","method":"GET","timestamp":"2025-10-24T04:52:46.548Z","url":"/api/localpro-plus/usage","userAgent":"node","userId":null}
{"ip":"::1","level":"warn","message":"HTTP Request","method":"GET","responseTime":"138ms","statusCode":404,"timestamp":"2025-10-24T04:52:46.686Z","url":"/api/localpro-plus/usage","userAgent":"node","userId":"68f7265e60f48a4fd66ef03d"}
{"level":"http","message":"::1 - - [24/Oct/2025:04:52:46 +0000] \"GET /api/localpro-plus/usage HTTP/1.1\" 404 71 \"-\" \"node\"","timestamp":"2025-10-24T04:52:46.687Z"}
{"ip":"::1","level":"info","message":"Request Started","method":"GET","timestamp":"2025-10-24T04:55:16.760Z","url":"/api/localpro-plus/usage","userAgent":"node","userId":null}
{"ip":"::1","level":"warn","message":"HTTP Request","method":"GET","responseTime":"137ms","statusCode":404,"timestamp":"2025-10-24T04:55:16.897Z","url":"/api/localpro-plus/usage","userAgent":"node","userId":"68f7265e60f48a4fd66ef03d"}
{"level":"http","message":"::1 - - [24/Oct/2025:04:55:16 +0000] \"GET /api/localpro-plus/usage HTTP/1.1\" 404 71 \"-\" \"node\"","timestamp":"2025-10-24T04:55:16.899Z"}
{"ip":"::1","level":"info","message":"Request Started","method":"GET","timestamp":"2025-10-24T04:55:17.275Z","url":"/api/localpro-plus/usage","userAgent":"node","userId":null}
{"ip":"::1","level":"warn","message":"HTTP Request","method":"GET","responseTime":"101ms","statusCode":404,"timestamp":"2025-10-24T04:55:17.376Z","url":"/api/localpro-plus/usage","userAgent":"node","userId":"68f7265e60f48a4fd66ef03d"}
{"level":"http","message":"::1 - - [24/Oct/2025:04:55:17 +0000] \"GET /api/localpro-plus/usage HTTP/1.1\" 404 71 \"-\" \"node\"","timestamp":"2025-10-24T04:55:17.377Z"}
{"ip":"::1","level":"info","message":"Request Started","method":"GET","timestamp":"2025-10-24T05:05:04.335Z","url":"/api/localpro-plus/usage","userAgent":"node","userId":null}
{"ip":"::1","level":"warn","message":"HTTP Request","method":"GET","responseTime":"132ms","statusCode":404,"timestamp":"2025-10-24T05:05:04.466Z","url":"/api/localpro-plus/usage","userAgent":"node","userId":"68f7265e60f48a4fd66ef03d"}
{"level":"http","message":"::1 - - [24/Oct/2025:05:05:04 +0000] \"GET /api/localpro-plus/usage HTTP/1.1\" 404 71 \"-\" \"node\"","timestamp":"2025-10-24T05:05:04.470Z"}
{"ip":"::1","level":"info","message":"Request Started","method":"GET","timestamp":"2025-10-24T05:05:04.852Z","url":"/api/localpro-plus/usage","userAgent":"node","userId":null}
{"ip":"::1","level":"warn","message":"HTTP Request","method":"GET","responseTime":"91ms","statusCode":404,"timestamp":"2025-10-24T05:05:04.943Z","url":"/api/localpro-plus/usage","userAgent":"node","userId":"68f7265e60f48a4fd66ef03d"}
{"level":"http","message":"::1 - - [24/Oct/2025:05:05:04 +0000] \"GET /api/localpro-plus/usage HTTP/1.1\" 404 71 \"-\" \"node\"","timestamp":"2025-10-24T05:05:04.945Z"}
{"environment":"development","level":"info","message":"LocalPro Super App API Started","port":"5000","timestamp":"2025-10-24T05:07:32.471Z"}
{"environment":"development","level":"info","message":"LocalPro Super App API Started","port":"5000","timestamp":"2025-10-24T05:07:43.419Z"}
{"environment":"development","level":"info","message":"LocalPro Super App API Started","port":"5000","timestamp":"2025-10-24T05:08:24.340Z"}
{"environment":"development","level":"info","message":"LocalPro Super App API Started","port":"5000","timestamp":"2025-10-24T05:08:31.388Z"}
{"environment":"development","level":"info","message":"LocalPro Super App API Started","port":"5000","timestamp":"2025-10-24T05:08:46.719Z"}
{"environment":"development","level":"info","message":"LocalPro Super App API Started","port":"5000","timestamp":"2025-10-24T05:09:01.281Z"}
{"environment":"development","level":"info","message":"LocalPro Super App API Started","port":"5000","timestamp":"2025-10-24T05:09:15.714Z"}
{"environment":"development","level":"info","message":"LocalPro Super App API Started","port":"5000","timestamp":"2025-10-24T05:09:34.878Z"}
{"environment":"development","level":"info","message":"LocalPro Super App API Started","port":"5000","timestamp":"2025-10-24T05:10:01.825Z"}
{"environment":"development","level":"info","message":"LocalPro Super App API Started","port":"5000","timestamp":"2025-10-24T05:10:08.833Z"}
{"environment":"development","level":"info","message":"LocalPro Super App API Started","port":"5000","timestamp":"2025-10-24T05:10:18.663Z"}
{"environment":"development","level":"info","message":"LocalPro Super App API Started","port":"5000","timestamp":"2025-10-24T05:10:28.360Z"}
{"environment":"development","level":"info","message":"LocalPro Super App API Started","port":"5000","timestamp":"2025-10-24T05:11:42.058Z"}
{"environment":"development","level":"info","message":"LocalPro Super App API Started","port":"5000","timestamp":"2025-10-24T05:12:23.819Z"}
{"ip":"::1","level":"info","message":"Request Started","method":"GET","timestamp":"2025-10-24T05:13:19.021Z","url":"/api/localpro-plus/usage","userAgent":"node","userId":null}
{"ip":"::1","level":"warn","message":"HTTP Request","method":"GET","responseTime":"252ms","statusCode":404,"timestamp":"2025-10-24T05:13:19.272Z","url":"/api/localpro-plus/usage","userAgent":"node","userId":"68f7265e60f48a4fd66ef03d"}
{"level":"http","message":"::1 - - [24/Oct/2025:05:13:19 +0000] \"GET /api/localpro-plus/usage HTTP/1.1\" 404 51 \"-\" \"node\"","timestamp":"2025-10-24T05:13:19.287Z"}
{"ip":"::1","level":"info","message":"Request Started","method":"GET","timestamp":"2025-10-24T05:13:20.303Z","url":"/api/localpro-plus/usage","userAgent":"node","userId":null}
{"ip":"::1","level":"warn","message":"HTTP Request","method":"GET","responseTime":"134ms","statusCode":404,"timestamp":"2025-10-24T05:13:20.437Z","url":"/api/localpro-plus/usage","userAgent":"node","userId":"68f7265e60f48a4fd66ef03d"}
{"level":"http","message":"::1 - - [24/Oct/2025:05:13:20 +0000] \"GET /api/localpro-plus/usage HTTP/1.1\" 404 51 \"-\" \"node\"","timestamp":"2025-10-24T05:13:20.483Z"}
{"ip":"::1","level":"info","message":"Request Started","method":"GET","timestamp":"2025-10-24T05:13:21.122Z","url":"/api/localpro-plus/usage","userAgent":"node","userId":null}
{"ip":"::1","level":"warn","message":"HTTP Request","method":"GET","responseTime":"101ms","statusCode":404,"timestamp":"2025-10-24T05:13:21.223Z","url":"/api/localpro-plus/usage","userAgent":"node","userId":"68f7265e60f48a4fd66ef03d"}
{"level":"http","message":"::1 - - [24/Oct/2025:05:13:21 +0000] \"GET /api/localpro-plus/usage HTTP/1.1\" 404 51 \"-\" \"node\"","timestamp":"2025-10-24T05:13:21.224Z"}
{"ip":"::1","level":"info","message":"Request Started","method":"GET","timestamp":"2025-10-24T05:13:23.717Z","url":"/api/localpro-plus/usage","userAgent":"node","userId":null}
{"ip":"::1","level":"warn","message":"HTTP Request","method":"GET","responseTime":"108ms","statusCode":404,"timestamp":"2025-10-24T05:13:23.825Z","url":"/api/localpro-plus/usage","userAgent":"node","userId":"68f7265e60f48a4fd66ef03d"}
{"level":"http","message":"::1 - - [24/Oct/2025:05:13:23 +0000] \"GET /api/localpro-plus/usage HTTP/1.1\" 404 51 \"-\" \"node\"","timestamp":"2025-10-24T05:13:23.829Z"}
{"ip":"::1","level":"info","message":"Request Started","method":"GET","timestamp":"2025-10-24T05:13:29.042Z","url":"/api/localpro-plus/usage","userAgent":"node","userId":null}
{"ip":"::1","level":"warn","message":"HTTP Request","method":"GET","responseTime":"123ms","statusCode":404,"timestamp":"2025-10-24T05:13:29.165Z","url":"/api/localpro-plus/usage","userAgent":"node","userId":"68f7265e60f48a4fd66ef03d"}
{"level":"http","message":"::1 - - [24/Oct/2025:05:13:29 +0000] \"GET /api/localpro-plus/usage HTTP/1.1\" 404 51 \"-\" \"node\"","timestamp":"2025-10-24T05:13:29.166Z"}
{"ip":"::1","level":"info","message":"Request Started","method":"GET","timestamp":"2025-10-24T05:24:02.631Z","url":"/api/localpro-plus/usage","userAgent":"node","userId":null}
{"ip":"::1","level":"warn","message":"HTTP Request","method":"GET","responseTime":"172ms","statusCode":404,"timestamp":"2025-10-24T05:24:02.803Z","url":"/api/localpro-plus/usage","userAgent":"node","userId":"68f7265e60f48a4fd66ef03d"}
{"level":"http","message":"::1 - - [24/Oct/2025:05:24:02 +0000] \"GET /api/localpro-plus/usage HTTP/1.1\" 404 51 \"-\" \"node\"","timestamp":"2025-10-24T05:24:02.811Z"}
{"ip":"::1","level":"info","message":"Request Started","method":"GET","timestamp":"2025-10-24T05:24:03.153Z","url":"/api/localpro-plus/usage","userAgent":"node","userId":null}
{"ip":"::1","level":"warn","message":"HTTP Request","method":"GET","responseTime":"94ms","statusCode":404,"timestamp":"2025-10-24T05:24:03.248Z","url":"/api/localpro-plus/usage","userAgent":"node","userId":"68f7265e60f48a4fd66ef03d"}
{"level":"http","message":"::1 - - [24/Oct/2025:05:24:03 +0000] \"GET /api/localpro-plus/usage HTTP/1.1\" 404 51 \"-\" \"node\"","timestamp":"2025-10-24T05:24:03.251Z"}
{"ip":"::1","level":"info","message":"Request Started","method":"GET","timestamp":"2025-10-24T05:25:06.811Z","url":"/api/localpro-plus/usage","userAgent":"node","userId":null}
{"ip":"::1","level":"warn","message":"HTTP Request","method":"GET","responseTime":"135ms","statusCode":404,"timestamp":"2025-10-24T05:25:06.946Z","url":"/api/localpro-plus/usage","userAgent":"node","userId":"68f7265e60f48a4fd66ef03d"}
{"level":"http","message":"::1 - - [24/Oct/2025:05:25:06 +0000] \"GET /api/localpro-plus/usage HTTP/1.1\" 404 51 \"-\" \"node\"","timestamp":"2025-10-24T05:25:06.947Z"}
{"ip":"::1","level":"info","message":"Request Started","method":"GET","timestamp":"2025-10-24T05:25:07.381Z","url":"/api/localpro-plus/usage","userAgent":"node","userId":null}
{"ip":"::1","level":"warn","message":"HTTP Request","method":"GET","responseTime":"105ms","statusCode":404,"timestamp":"2025-10-24T05:25:07.486Z","url":"/api/localpro-plus/usage","userAgent":"node","userId":"68f7265e60f48a4fd66ef03d"}
{"level":"http","message":"::1 - - [24/Oct/2025:05:25:07 +0000] \"GET /api/localpro-plus/usage HTTP/1.1\" 404 51 \"-\" \"node\"","timestamp":"2025-10-24T05:25:07.489Z"}
{"ip":"::1","level":"info","message":"Request Started","method":"GET","timestamp":"2025-10-24T05:48:27.285Z","url":"/api/announcements","userAgent":"node","userId":null}
{"context":"App","level":"info","message":"Announcements retrieved","query":{},"resultCount":0,"timestamp":"2025-10-24T05:48:27.661Z","totalCount":0}
{"ip":"::1","level":"http","message":"HTTP Request","method":"GET","responseTime":"386ms","statusCode":200,"timestamp":"2025-10-24T05:48:27.671Z","url":"/api/announcements","userAgent":"node","userId":null}
{"level":"http","message":"::1 - - [24/Oct/2025:05:48:27 +0000] \"GET /api/announcements HTTP/1.1\" 200 155 \"-\" \"node\"","timestamp":"2025-10-24T05:48:27.677Z"}
{"ip":"::1","level":"info","message":"Request Started","method":"GET","timestamp":"2025-10-24T05:48:28.294Z","url":"/api/announcements","userAgent":"node","userId":null}
{"context":"App","level":"info","message":"Announcements retrieved","query":{},"resultCount":0,"timestamp":"2025-10-24T05:48:28.388Z","totalCount":0}
{"ip":"::1","level":"http","message":"HTTP Request","method":"GET","responseTime":"96ms","statusCode":200,"timestamp":"2025-10-24T05:48:28.391Z","url":"/api/announcements","userAgent":"node","userId":null}
{"level":"http","message":"::1 - - [24/Oct/2025:05:48:28 +0000] \"GET /api/announcements HTTP/1.1\" 200 155 \"-\" \"node\"","timestamp":"2025-10-24T05:48:28.393Z"}
{"ip":"::1","level":"info","message":"Request Started","method":"GET","timestamp":"2025-10-24T06:08:00.078Z","url":"/api/ads","userAgent":"node","userId":null}
{"ip":"::1","level":"http","message":"HTTP Request","method":"GET","responseTime":"192ms","statusCode":200,"timestamp":"2025-10-24T06:08:00.269Z","url":"/api/ads","userAgent":"node","userId":null}
{"level":"http","message":"::1 - - [24/Oct/2025:06:08:00 +0000] \"GET /api/ads HTTP/1.1\" 200 65 \"-\" \"node\"","timestamp":"2025-10-24T06:08:00.277Z"}
{"ip":"::1","level":"info","message":"Request Started","method":"GET","timestamp":"2025-10-24T06:08:00.808Z","url":"/api/ads","userAgent":"node","userId":null}
{"ip":"::1","level":"http","message":"HTTP Request","method":"GET","responseTime":"87ms","statusCode":200,"timestamp":"2025-10-24T06:08:00.895Z","url":"/api/ads","userAgent":"node","userId":null}
{"level":"http","message":"::1 - - [24/Oct/2025:06:08:00 +0000] \"GET /api/ads HTTP/1.1\" 200 65 \"-\" \"node\"","timestamp":"2025-10-24T06:08:00.896Z"}
{"ip":"::1","level":"info","message":"Request Started","method":"GET","timestamp":"2025-10-24T06:08:47.525Z","url":"/api/ads","userAgent":"node","userId":null}
{"ip":"::1","level":"http","message":"HTTP Request","method":"GET","responseTime":"102ms","statusCode":200,"timestamp":"2025-10-24T06:08:47.627Z","url":"/api/ads","userAgent":"node","userId":null}
{"level":"http","message":"::1 - - [24/Oct/2025:06:08:47 +0000] \"GET /api/ads HTTP/1.1\" 200 65 \"-\" \"node\"","timestamp":"2025-10-24T06:08:47.631Z"}
{"ip":"::1","level":"info","message":"Request Started","method":"GET","timestamp":"2025-10-24T06:08:48.133Z","url":"/api/ads","userAgent":"node","userId":null}
{"ip":"::1","level":"http","message":"HTTP Request","method":"GET","responseTime":"88ms","statusCode":200,"timestamp":"2025-10-24T06:08:48.221Z","url":"/api/ads","userAgent":"node","userId":null}
{"level":"http","message":"::1 - - [24/Oct/2025:06:08:48 +0000] \"GET /api/ads HTTP/1.1\" 200 65 \"-\" \"node\"","timestamp":"2025-10-24T06:08:48.246Z"}
{"ip":"::1","level":"info","message":"Request Started","method":"GET","timestamp":"2025-10-24T06:11:17.624Z","url":"/api/ads","userAgent":"node","userId":null}
{"ip":"::1","level":"http","message":"HTTP Request","method":"GET","responseTime":"109ms","statusCode":200,"timestamp":"2025-10-24T06:11:17.733Z","url":"/api/ads","userAgent":"node","userId":null}
{"level":"http","message":"::1 - - [24/Oct/2025:06:11:17 +0000] \"GET /api/ads HTTP/1.1\" 200 65 \"-\" \"node\"","timestamp":"2025-10-24T06:11:17.735Z"}
{"ip":"::1","level":"info","message":"Request Started","method":"GET","timestamp":"2025-10-24T06:11:18.145Z","url":"/api/ads","userAgent":"node","userId":null}
{"ip":"::1","level":"http","message":"HTTP Request","method":"GET","responseTime":"90ms","statusCode":200,"timestamp":"2025-10-24T06:11:18.235Z","url":"/api/ads","userAgent":"node","userId":null}
{"level":"http","message":"::1 - - [24/Oct/2025:06:11:18 +0000] \"GET /api/ads HTTP/1.1\" 200 65 \"-\" \"node\"","timestamp":"2025-10-24T06:11:18.238Z"}
{"ip":"::1","level":"info","message":"Request Started","method":"GET","timestamp":"2025-10-24T06:11:24.341Z","url":"/api/announcements","userAgent":"node","userId":null}
{"context":"App","level":"info","message":"Announcements retrieved","query":{},"resultCount":0,"timestamp":"2025-10-24T06:11:24.460Z","totalCount":0}
{"ip":"::1","level":"http","message":"HTTP Request","method":"GET","responseTime":"121ms","statusCode":200,"timestamp":"2025-10-24T06:11:24.462Z","url":"/api/announcements","userAgent":"node","userId":null}
{"level":"http","message":"::1 - - [24/Oct/2025:06:11:24 +0000] \"GET /api/announcements HTTP/1.1\" 200 155 \"-\" \"node\"","timestamp":"2025-10-24T06:11:24.463Z"}
{"ip":"::1","level":"info","message":"Request Started","method":"GET","timestamp":"2025-10-24T06:11:24.876Z","url":"/api/announcements","userAgent":"node","userId":null}
{"context":"App","level":"info","message":"Announcements retrieved","query":{},"resultCount":0,"timestamp":"2025-10-24T06:11:24.972Z","totalCount":0}
{"ip":"::1","level":"http","message":"HTTP Request","method":"GET","responseTime":"100ms","statusCode":200,"timestamp":"2025-10-24T06:11:24.976Z","url":"/api/announcements","userAgent":"node","userId":null}
{"level":"http","message":"::1 - - [24/Oct/2025:06:11:24 +0000] \"GET /api/announcements HTTP/1.1\" 200 155 \"-\" \"node\"","timestamp":"2025-10-24T06:11:24.978Z"}
{"ip":"::1","level":"info","message":"Request Started","method":"GET","timestamp":"2025-10-24T06:19:37.818Z","url":"/api/ads","userAgent":"node","userId":null}
{"ip":"::1","level":"http","message":"HTTP Request","method":"GET","responseTime":"164ms","statusCode":200,"timestamp":"2025-10-24T06:19:37.982Z","url":"/api/ads","userAgent":"node","userId":null}
{"level":"http","message":"::1 - - [24/Oct/2025:06:19:37 +0000] \"GET /api/ads HTTP/1.1\" 200 65 \"-\" \"node\"","timestamp":"2025-10-24T06:19:37.984Z"}
{"ip":"::1","level":"info","message":"Request Started","method":"GET","timestamp":"2025-10-24T06:19:38.471Z","url":"/api/ads","userAgent":"node","userId":null}
{"ip":"::1","level":"http","message":"HTTP Request","method":"GET","responseTime":"89ms","statusCode":200,"timestamp":"2025-10-24T06:19:38.560Z","url":"/api/ads","userAgent":"node","userId":null}
{"level":"http","message":"::1 - - [24/Oct/2025:06:19:38 +0000] \"GET /api/ads HTTP/1.1\" 200 65 \"-\" \"node\"","timestamp":"2025-10-24T06:19:38.564Z"}
{"ip":"::1","level":"info","message":"Request Started","method":"GET","timestamp":"2025-10-24T06:22:02.763Z","url":"/api/ads","userAgent":"node","userId":null}
{"ip":"::1","level":"http","message":"HTTP Request","method":"GET","responseTime":"102ms","statusCode":200,"timestamp":"2025-10-24T06:22:02.865Z","url":"/api/ads","userAgent":"node","userId":null}
{"level":"http","message":"::1 - - [24/Oct/2025:06:22:02 +0000] \"GET /api/ads HTTP/1.1\" 200 65 \"-\" \"node\"","timestamp":"2025-10-24T06:22:02.868Z"}
{"ip":"::1","level":"info","message":"Request Started","method":"GET","timestamp":"2025-10-24T06:22:03.291Z","url":"/api/ads","userAgent":"node","userId":null}
{"ip":"::1","level":"http","message":"HTTP Request","method":"GET","responseTime":"88ms","statusCode":200,"timestamp":"2025-10-24T06:22:03.379Z","url":"/api/ads","userAgent":"node","userId":null}
{"level":"http","message":"::1 - - [24/Oct/2025:06:22:03 +0000] \"GET /api/ads HTTP/1.1\" 200 65 \"-\" \"node\"","timestamp":"2025-10-24T06:22:03.380Z"}
{"ip":"::1","level":"info","message":"Request Started","method":"GET","timestamp":"2025-10-24T06:22:35.712Z","url":"/api/ads","userAgent":"node","userId":null}
{"ip":"::1","level":"http","message":"HTTP Request","method":"GET","responseTime":"88ms","statusCode":200,"timestamp":"2025-10-24T06:22:35.800Z","url":"/api/ads","userAgent":"node","userId":null}
{"level":"http","message":"::1 - - [24/Oct/2025:06:22:35 +0000] \"GET /api/ads HTTP/1.1\" 200 65 \"-\" \"node\"","timestamp":"2025-10-24T06:22:35.802Z"}
{"ip":"::1","level":"info","message":"Request Started","method":"GET","timestamp":"2025-10-24T06:22:36.167Z","url":"/api/ads","userAgent":"node","userId":null}
{"ip":"::1","level":"http","message":"HTTP Request","method":"GET","responseTime":"85ms","statusCode":200,"timestamp":"2025-10-24T06:22:36.252Z","url":"/api/ads","userAgent":"node","userId":null}
{"level":"http","message":"::1 - - [24/Oct/2025:06:22:36 +0000] \"GET /api/ads HTTP/1.1\" 200 65 \"-\" \"node\"","timestamp":"2025-10-24T06:22:36.255Z"}
{"ip":"::1","level":"info","message":"Request Started","method":"GET","timestamp":"2025-10-24T06:22:40.528Z","url":"/api/announcements","userAgent":"node","userId":null}
{"context":"App","level":"info","message":"Announcements retrieved","query":{},"resultCount":0,"timestamp":"2025-10-24T06:22:40.666Z","totalCount":0}
{"ip":"::1","level":"http","message":"HTTP Request","method":"GET","responseTime":"141ms","statusCode":200,"timestamp":"2025-10-24T06:22:40.669Z","url":"/api/announcements","userAgent":"node","userId":null}
{"level":"http","message":"::1 - - [24/Oct/2025:06:22:40 +0000] \"GET /api/announcements HTTP/1.1\" 200 155 \"-\" \"node\"","timestamp":"2025-10-24T06:22:40.671Z"}
{"ip":"::1","level":"info","message":"Request Started","method":"GET","timestamp":"2025-10-24T06:22:41.098Z","url":"/api/announcements","userAgent":"node","userId":null}
{"context":"App","level":"info","message":"Announcements retrieved","query":{},"resultCount":0,"timestamp":"2025-10-24T06:22:41.196Z","totalCount":0}
{"ip":"::1","level":"http","message":"HTTP Request","method":"GET","responseTime":"99ms","statusCode":200,"timestamp":"2025-10-24T06:22:41.197Z","url":"/api/announcements","userAgent":"node","userId":null}
{"level":"http","message":"::1 - - [24/Oct/2025:06:22:41 +0000] \"GET /api/announcements HTTP/1.1\" 200 155 \"-\" \"node\"","timestamp":"2025-10-24T06:22:41.198Z"}
{"ip":"::1","level":"info","message":"Request Started","method":"GET","timestamp":"2025-10-24T06:39:57.985Z","url":"/api/rentals","userAgent":"node","userId":null}
{"ip":"::1","level":"http","message":"HTTP Request","method":"GET","responseTime":"159ms","statusCode":200,"timestamp":"2025-10-24T06:39:58.144Z","url":"/api/rentals","userAgent":"node","userId":null}
{"level":"http","message":"::1 - - [24/Oct/2025:06:39:58 +0000] \"GET /api/rentals HTTP/1.1\" 200 65 \"-\" \"node\"","timestamp":"2025-10-24T06:39:58.147Z"}
{"ip":"::1","level":"info","message":"Request Started","method":"GET","timestamp":"2025-10-24T06:39:58.566Z","url":"/api/rentals","userAgent":"node","userId":null}
{"ip":"::1","level":"http","message":"HTTP Request","method":"GET","responseTime":"86ms","statusCode":200,"timestamp":"2025-10-24T06:39:58.652Z","url":"/api/rentals","userAgent":"node","userId":null}
{"level":"http","message":"::1 - - [24/Oct/2025:06:39:58 +0000] \"GET /api/rentals HTTP/1.1\" 200 65 \"-\" \"node\"","timestamp":"2025-10-24T06:39:58.653Z"}
{"ip":"::1","level":"info","message":"Request Started","method":"GET","timestamp":"2025-10-24T06:44:25.928Z","url":"/api/rentals","userAgent":"node","userId":null}
{"ip":"::1","level":"http","message":"HTTP Request","method":"GET","responseTime":"118ms","statusCode":200,"timestamp":"2025-10-24T06:44:26.046Z","url":"/api/rentals","userAgent":"node","userId":null}
{"level":"http","message":"::1 - - [24/Oct/2025:06:44:26 +0000] \"GET /api/rentals HTTP/1.1\" 200 65 \"-\" \"node\"","timestamp":"2025-10-24T06:44:26.050Z"}
{"ip":"::1","level":"info","message":"Request Started","method":"GET","timestamp":"2025-10-24T06:44:26.500Z","url":"/api/rentals","userAgent":"node","userId":null}
{"ip":"::1","level":"http","message":"HTTP Request","method":"GET","responseTime":"110ms","statusCode":200,"timestamp":"2025-10-24T06:44:26.610Z","url":"/api/rentals","userAgent":"node","userId":null}
{"level":"http","message":"::1 - - [24/Oct/2025:06:44:26 +0000] \"GET /api/rentals HTTP/1.1\" 200 65 \"-\" \"node\"","timestamp":"2025-10-24T06:44:26.689Z"}
{"ip":"::1","level":"info","message":"Request Started","method":"GET","timestamp":"2025-10-24T06:44:31.691Z","url":"/api/announcements","userAgent":"node","userId":null}
{"context":"App","level":"info","message":"Announcements retrieved","query":{},"resultCount":0,"timestamp":"2025-10-24T06:44:31.793Z","totalCount":0}
{"ip":"::1","level":"http","message":"HTTP Request","method":"GET","responseTime":"104ms","statusCode":200,"timestamp":"2025-10-24T06:44:31.795Z","url":"/api/announcements","userAgent":"node","userId":null}
{"level":"http","message":"::1 - - [24/Oct/2025:06:44:31 +0000] \"GET /api/announcements HTTP/1.1\" 200 155 \"-\" \"node\"","timestamp":"2025-10-24T06:44:31.796Z"}
{"ip":"::1","level":"info","message":"Request Started","method":"GET","timestamp":"2025-10-24T06:44:32.186Z","url":"/api/announcements","userAgent":"node","userId":null}
{"context":"App","level":"info","message":"Announcements retrieved","query":{},"resultCount":0,"timestamp":"2025-10-24T06:44:32.272Z","totalCount":0}
{"ip":"::1","level":"http","message":"HTTP Request","method":"GET","responseTime":"87ms","statusCode":200,"timestamp":"2025-10-24T06:44:32.273Z","url":"/api/announcements","userAgent":"node","userId":null}
{"level":"http","message":"::1 - - [24/Oct/2025:06:44:32 +0000] \"GET /api/announcements HTTP/1.1\" 200 155 \"-\" \"node\"","timestamp":"2025-10-24T06:44:32.274Z"}
{"ip":"::1","level":"info","message":"Request Started","method":"GET","timestamp":"2025-10-24T06:44:35.775Z","url":"/api/ads","userAgent":"node","userId":null}
{"ip":"::1","level":"http","message":"HTTP Request","method":"GET","responseTime":"88ms","statusCode":200,"timestamp":"2025-10-24T06:44:35.864Z","url":"/api/ads","userAgent":"node","userId":null}
{"level":"http","message":"::1 - - [24/Oct/2025:06:44:35 +0000] \"GET /api/ads HTTP/1.1\" 200 65 \"-\" \"node\"","timestamp":"2025-10-24T06:44:35.865Z"}
{"ip":"::1","level":"info","message":"Request Started","method":"GET","timestamp":"2025-10-24T06:44:36.231Z","url":"/api/ads","userAgent":"node","userId":null}
{"ip":"::1","level":"http","message":"HTTP Request","method":"GET","responseTime":"89ms","statusCode":200,"timestamp":"2025-10-24T06:44:36.320Z","url":"/api/ads","userAgent":"node","userId":null}
{"level":"http","message":"::1 - - [24/Oct/2025:06:44:36 +0000] \"GET /api/ads HTTP/1.1\" 200 65 \"-\" \"node\"","timestamp":"2025-10-24T06:44:36.323Z"}
{"ip":"::1","level":"info","message":"Request Started","method":"GET","timestamp":"2025-10-24T06:44:40.884Z","url":"/api/announcements","userAgent":"node","userId":null}
{"context":"App","level":"info","message":"Announcements retrieved","query":{},"resultCount":0,"timestamp":"2025-10-24T06:44:40.972Z","totalCount":0}
{"ip":"::1","level":"http","message":"HTTP Request","method":"GET","responseTime":"91ms","statusCode":200,"timestamp":"2025-10-24T06:44:40.975Z","url":"/api/announcements","userAgent":"node","userId":null}
{"level":"http","message":"::1 - - [24/Oct/2025:06:44:40 +0000] \"GET /api/announcements HTTP/1.1\" 200 155 \"-\" \"node\"","timestamp":"2025-10-24T06:44:40.980Z"}
{"ip":"::1","level":"info","message":"Request Started","method":"GET","timestamp":"2025-10-24T06:44:41.376Z","url":"/api/announcements","userAgent":"node","userId":null}
{"context":"App","level":"info","message":"Announcements retrieved","query":{},"resultCount":0,"timestamp":"2025-10-24T06:44:41.463Z","totalCount":0}
{"ip":"::1","level":"http","message":"HTTP Request","method":"GET","responseTime":"88ms","statusCode":200,"timestamp":"2025-10-24T06:44:41.464Z","url":"/api/announcements","userAgent":"node","userId":null}
{"level":"http","message":"::1 - - [24/Oct/2025:06:44:41 +0000] \"GET /api/announcements HTTP/1.1\" 200 155 \"-\" \"node\"","timestamp":"2025-10-24T06:44:41.465Z"}
{"ip":"::1","level":"info","message":"Request Started","method":"GET","timestamp":"2025-10-24T06:44:42.123Z","url":"/api/rentals","userAgent":"node","userId":null}
{"ip":"::1","level":"http","message":"HTTP Request","method":"GET","responseTime":"88ms","statusCode":200,"timestamp":"2025-10-24T06:44:42.211Z","url":"/api/rentals","userAgent":"node","userId":null}
{"level":"http","message":"::1 - - [24/Oct/2025:06:44:42 +0000] \"GET /api/rentals HTTP/1.1\" 200 65 \"-\" \"node\"","timestamp":"2025-10-24T06:44:42.213Z"}
{"ip":"::1","level":"info","message":"Request Started","method":"GET","timestamp":"2025-10-24T06:44:42.618Z","url":"/api/rentals","userAgent":"node","userId":null}
{"ip":"::1","level":"http","message":"HTTP Request","method":"GET","responseTime":"87ms","statusCode":200,"timestamp":"2025-10-24T06:44:42.705Z","url":"/api/rentals","userAgent":"node","userId":null}
{"level":"http","message":"::1 - - [24/Oct/2025:06:44:42 +0000] \"GET /api/rentals HTTP/1.1\" 200 65 \"-\" \"node\"","timestamp":"2025-10-24T06:44:42.707Z"}
{"ip":"::1","level":"info","message":"Request Started","method":"GET","timestamp":"2025-10-24T06:58:58.511Z","url":"/api/rentals","userAgent":"node","userId":null}
{"ip":"::1","level":"http","message":"HTTP Request","method":"GET","responseTime":"152ms","statusCode":200,"timestamp":"2025-10-24T06:58:58.663Z","url":"/api/rentals","userAgent":"node","userId":null}
{"level":"http","message":"::1 - - [24/Oct/2025:06:58:58 +0000] \"GET /api/rentals HTTP/1.1\" 200 65 \"-\" \"node\"","timestamp":"2025-10-24T06:58:58.670Z"}
{"ip":"::1","level":"info","message":"Request Started","method":"GET","timestamp":"2025-10-24T06:58:59.107Z","url":"/api/rentals","userAgent":"node","userId":null}
{"ip":"::1","level":"http","message":"HTTP Request","method":"GET","responseTime":"100ms","statusCode":200,"timestamp":"2025-10-24T06:58:59.207Z","url":"/api/rentals","userAgent":"node","userId":null}
{"level":"http","message":"::1 - - [24/Oct/2025:06:58:59 +0000] \"GET /api/rentals HTTP/1.1\" 200 65 \"-\" \"node\"","timestamp":"2025-10-24T06:58:59.210Z"}
{"ip":"::1","level":"info","message":"Request Started","method":"GET","timestamp":"2025-10-24T07:08:08.053Z","url":"/api/rentals","userAgent":"node","userId":null}
{"ip":"::1","level":"http","message":"HTTP Request","method":"GET","responseTime":"146ms","statusCode":200,"timestamp":"2025-10-24T07:08:08.199Z","url":"/api/rentals","userAgent":"node","userId":null}
{"level":"http","message":"::1 - - [24/Oct/2025:07:08:08 +0000] \"GET /api/rentals HTTP/1.1\" 200 65 \"-\" \"node\"","timestamp":"2025-10-24T07:08:08.215Z"}
{"ip":"::1","level":"info","message":"Request Started","method":"GET","timestamp":"2025-10-24T07:08:08.813Z","url":"/api/rentals","userAgent":"node","userId":null}
{"ip":"::1","level":"http","message":"HTTP Request","method":"GET","responseTime":"89ms","statusCode":200,"timestamp":"2025-10-24T07:08:08.902Z","url":"/api/rentals","userAgent":"node","userId":null}
{"level":"http","message":"::1 - - [24/Oct/2025:07:08:08 +0000] \"GET /api/rentals HTTP/1.1\" 200 65 \"-\" \"node\"","timestamp":"2025-10-24T07:08:08.903Z"}
{"environment":"development","level":"info","message":"LocalPro Super App API Started","port":"5000","timestamp":"2025-10-24T07:23:21.274Z"}
{"ip":"::1","level":"info","message":"Request Started","method":"GET","timestamp":"2025-10-24T07:24:52.735Z","url":"/api/rentals","userAgent":"node","userId":null}
{"ip":"::1","level":"http","message":"HTTP Request","method":"GET","responseTime":"169ms","statusCode":200,"timestamp":"2025-10-24T07:24:52.904Z","url":"/api/rentals","userAgent":"node","userId":null}
{"level":"http","message":"::1 - - [24/Oct/2025:07:24:52 +0000] \"GET /api/rentals HTTP/1.1\" 200 65 \"-\" \"node\"","timestamp":"2025-10-24T07:24:52.911Z"}
{"ip":"::1","level":"info","message":"Request Started","method":"GET","timestamp":"2025-10-24T07:24:53.431Z","url":"/api/rentals","userAgent":"node","userId":null}
{"ip":"::1","level":"http","message":"HTTP Request","method":"GET","responseTime":"76ms","statusCode":200,"timestamp":"2025-10-24T07:24:53.506Z","url":"/api/rentals","userAgent":"node","userId":null}
{"level":"http","message":"::1 - - [24/Oct/2025:07:24:53 +0000] \"GET /api/rentals HTTP/1.1\" 200 65 \"-\" \"node\"","timestamp":"2025-10-24T07:24:53.510Z"}
{"environment":"development","level":"info","message":"LocalPro Super App API Started","port":"5000","timestamp":"2025-10-24T07:25:17.578Z"}
{"environment":"development","level":"info","message":"LocalPro Super App API Started","port":"5000","timestamp":"2025-10-24T10:59:26.821Z"}
{"environment":"development","level":"info","message":"LocalPro Super App API Started","port":"5000","timestamp":"2025-10-24T11:02:30.165Z"}
{"environment":"development","level":"info","message":"LocalPro Super App API Started","port":"5000","timestamp":"2025-10-24T11:18:27.282Z"}
{"environment":"development","level":"info","message":"LocalPro Super App API Started","port":"5000","timestamp":"2025-10-24T14:41:58.072Z"}
{"ip":"::1","level":"info","message":"Request Started","method":"GET","timestamp":"2025-10-24T14:43:04.388Z","url":"/api/users/68f7265e60f48a4fd66ef03d","userAgent":"Mozilla/5.0 (Windows NT 10.0; Win64; x64) AppleWebKit/537.36 (KHTML, like Gecko) Chrome/141.0.0.0 Safari/537.36","userId":null}
{"ip":"::1","level":"warn","message":"HTTP Request","method":"GET","responseTime":"4ms","statusCode":401,"timestamp":"2025-10-24T14:43:04.392Z","url":"/api/users/68f7265e60f48a4fd66ef03d","userAgent":"Mozilla/5.0 (Windows NT 10.0; Win64; x64) AppleWebKit/537.36 (KHTML, like Gecko) Chrome/141.0.0.0 Safari/537.36","userId":null}
{"level":"http","message":"::1 - - [24/Oct/2025:14:43:04 +0000] \"GET /api/users/68f7265e60f48a4fd66ef03d HTTP/1.1\" 401 60 \"http://localhost:3000/\" \"Mozilla/5.0 (Windows NT 10.0; Win64; x64) AppleWebKit/537.36 (KHTML, like Gecko) Chrome/141.0.0.0 Safari/537.36\"","timestamp":"2025-10-24T14:43:04.400Z"}
