{"environment":"development","level":"info","message":"LocalPro Super App API Started","port":"5000","timestamp":"2025-10-27T01:35:33.751Z"}
{"environment":"development","level":"info","message":"LocalPro Super App API Started","port":"5000","timestamp":"2025-10-27T01:41:09.421Z"}
{"ip":"::1","level":"info","message":"Request Started","method":"GET","timestamp":"2025-10-27T01:45:16.404Z","url":"/","userAgent":"PostmanRuntime/7.49.0","userId":null}
{"ip":"::1","level":"http","message":"HTTP Request","method":"GET","responseTime":"21ms","statusCode":200,"timestamp":"2025-10-27T01:45:16.425Z","url":"/","userAgent":"PostmanRuntime/7.49.0","userId":null}
{"level":"http","message":"::1 - - [27/Oct/2025:01:45:16 +0000] \"GET / HTTP/1.1\" 200 1454 \"-\" \"PostmanRuntime/7.49.0\"","timestamp":"2025-10-27T01:45:16.452Z"}
{"ip":"::1","level":"info","message":"Request Started","method":"GET","timestamp":"2025-10-27T01:47:09.374Z","url":"/health","userAgent":"PostmanRuntime/7.49.0","userId":null}
{"ip":"::1","level":"http","message":"HTTP Request","method":"GET","responseTime":"14ms","statusCode":200,"timestamp":"2025-10-27T01:47:09.388Z","url":"/health","userAgent":"PostmanRuntime/7.49.0","userId":null}
{"level":"http","message":"::1 - - [27/Oct/2025:01:47:09 +0000] \"GET /health HTTP/1.1\" 200 576 \"-\" \"PostmanRuntime/7.49.0\"","timestamp":"2025-10-27T01:47:09.389Z"}
{"environment":"development","level":"info","message":"LocalPro Super App API Started","port":"5000","timestamp":"2025-10-27T01:54:26.489Z"}
{"environment":"development","level":"info","message":"LocalPro Super App API Started","port":"5000","timestamp":"2025-10-27T01:54:41.239Z"}
{"environment":"development","level":"info","message":"LocalPro Super App API Started","port":"5000","timestamp":"2025-10-27T01:55:19.006Z"}
{"environment":"development","level":"info","message":"LocalPro Super App API Started","port":"5000","timestamp":"2025-10-27T01:58:03.084Z"}
{"environment":"development","level":"info","message":"LocalPro Super App API Started","port":"5000","timestamp":"2025-10-27T01:58:16.858Z"}
{"environment":"development","level":"info","message":"LocalPro Super App API Started","port":"5000","timestamp":"2025-10-27T01:59:02.748Z"}
{"environment":"development","level":"info","message":"LocalPro Super App API Started","port":"5000","timestamp":"2025-10-27T01:59:39.790Z"}
{"environment":"development","level":"info","message":"LocalPro Super App API Started","port":"5000","timestamp":"2025-10-27T02:06:33.735Z"}
{"ip":"::1","level":"info","message":"Request Started","method":"GET","timestamp":"2025-10-27T02:44:57.804Z","url":"/api/users/68f7265e60f48a4fd66ef03d","userAgent":"Mozilla/5.0 (Windows NT 10.0; Win64; x64) AppleWebKit/537.36 (KHTML, like Gecko) Chrome/141.0.0.0 Safari/537.36","userId":null}
{"ip":"::1","level":"warn","message":"HTTP Request","method":"GET","responseTime":"165ms","statusCode":401,"timestamp":"2025-10-27T02:44:57.967Z","url":"/api/users/68f7265e60f48a4fd66ef03d","userAgent":"Mozilla/5.0 (Windows NT 10.0; Win64; x64) AppleWebKit/537.36 (KHTML, like Gecko) Chrome/141.0.0.0 Safari/537.36","userId":null}
{"level":"http","message":"::1 - - [27/Oct/2025:02:44:57 +0000] \"GET /api/users/68f7265e60f48a4fd66ef03d HTTP/1.1\" 401 48 \"http://localhost:3000/\" \"Mozilla/5.0 (Windows NT 10.0; Win64; x64) AppleWebKit/537.36 (KHTML, like Gecko) Chrome/141.0.0.0 Safari/537.36\"","timestamp":"2025-10-27T02:44:57.971Z"}
{"ip":"::1","level":"info","message":"Request Started","method":"GET","timestamp":"2025-10-27T02:46:41.519Z","url":"/api/users/68f7265e60f48a4fd66ef03d","userAgent":"Mozilla/5.0 (Windows NT 10.0; Win64; x64) AppleWebKit/537.36 (KHTML, like Gecko) Chrome/141.0.0.0 Safari/537.36","userId":null}
{"ip":"::1","level":"warn","message":"HTTP Request","method":"GET","responseTime":"71ms","statusCode":401,"timestamp":"2025-10-27T02:46:41.589Z","url":"/api/users/68f7265e60f48a4fd66ef03d","userAgent":"Mozilla/5.0 (Windows NT 10.0; Win64; x64) AppleWebKit/537.36 (KHTML, like Gecko) Chrome/141.0.0.0 Safari/537.36","userId":null}
{"level":"http","message":"::1 - - [27/Oct/2025:02:46:41 +0000] \"GET /api/users/68f7265e60f48a4fd66ef03d HTTP/1.1\" 401 48 \"http://localhost:3000/\" \"Mozilla/5.0 (Windows NT 10.0; Win64; x64) AppleWebKit/537.36 (KHTML, like Gecko) Chrome/141.0.0.0 Safari/537.36\"","timestamp":"2025-10-27T02:46:41.601Z"}
{"ip":"::1","level":"info","message":"Request Started","method":"GET","timestamp":"2025-10-27T02:47:01.531Z","url":"/api/users/68f7265e60f48a4fd66ef03d","userAgent":"Mozilla/5.0 (Windows NT 10.0; Win64; x64) AppleWebKit/537.36 (KHTML, like Gecko) Chrome/141.0.0.0 Safari/537.36","userId":null}
{"ip":"::1","level":"warn","message":"HTTP Request","method":"GET","responseTime":"55ms","statusCode":401,"timestamp":"2025-10-27T02:47:01.587Z","url":"/api/users/68f7265e60f48a4fd66ef03d","userAgent":"Mozilla/5.0 (Windows NT 10.0; Win64; x64) AppleWebKit/537.36 (KHTML, like Gecko) Chrome/141.0.0.0 Safari/537.36","userId":null}
{"level":"http","message":"::1 - - [27/Oct/2025:02:47:01 +0000] \"GET /api/users/68f7265e60f48a4fd66ef03d HTTP/1.1\" 401 48 \"http://localhost:3000/\" \"Mozilla/5.0 (Windows NT 10.0; Win64; x64) AppleWebKit/537.36 (KHTML, like Gecko) Chrome/141.0.0.0 Safari/537.36\"","timestamp":"2025-10-27T02:47:01.591Z"}
{"ip":"::1","level":"info","message":"Request Started","method":"GET","timestamp":"2025-10-27T02:48:02.720Z","url":"/api/users/68f7265e60f48a4fd66ef03d","userAgent":"Mozilla/5.0 (Windows NT 10.0; Win64; x64) AppleWebKit/537.36 (KHTML, like Gecko) Chrome/141.0.0.0 Safari/537.36","userId":null}
{"ip":"::1","level":"warn","message":"HTTP Request","method":"GET","responseTime":"59ms","statusCode":401,"timestamp":"2025-10-27T02:48:02.779Z","url":"/api/users/68f7265e60f48a4fd66ef03d","userAgent":"Mozilla/5.0 (Windows NT 10.0; Win64; x64) AppleWebKit/537.36 (KHTML, like Gecko) Chrome/141.0.0.0 Safari/537.36","userId":null}
{"level":"http","message":"::1 - - [27/Oct/2025:02:48:02 +0000] \"GET /api/users/68f7265e60f48a4fd66ef03d HTTP/1.1\" 401 48 \"http://localhost:3000/\" \"Mozilla/5.0 (Windows NT 10.0; Win64; x64) AppleWebKit/537.36 (KHTML, like Gecko) Chrome/141.0.0.0 Safari/537.36\"","timestamp":"2025-10-27T02:48:02.780Z"}
{"ip":"::1","level":"info","message":"Request Started","method":"POST","timestamp":"2025-10-27T02:50:43.786Z","url":"/api/auth/send-code","userAgent":"node","userId":null}
{"clientInfo":{"ip":"::1","timestamp":"2025-10-27T02:50:43.789Z","userAgent":"node"},"duration":1206,"isNewUser":true,"level":"info","message":"Verification code sent successfully","phoneNumber":"+6391***","timestamp":"2025-10-27T02:50:44.994Z"}
{"ip":"::1","level":"http","message":"HTTP Request","method":"POST","responseTime":"1209ms","statusCode":200,"timestamp":"2025-10-27T02:50:44.995Z","url":"/api/auth/send-code","userAgent":"node","userId":null}
{"level":"http","message":"::1 - - [27/Oct/2025:02:50:44 +0000] \"POST /api/auth/send-code HTTP/1.1\" 200 81 \"-\" \"node\"","timestamp":"2025-10-27T02:50:44.996Z"}
{"ip":"::1","level":"info","message":"Request Started","method":"POST","timestamp":"2025-10-27T02:51:24.818Z","url":"/api/auth/verify-code","userAgent":"node","userId":null}
{"clientInfo":{"ip":"::1","timestamp":"2025-10-27T02:51:24.820Z","userAgent":"node"},"duration":896,"error":"User validation failed: lastName: Path `lastName` is required., firstName: Path `firstName` is required.","level":"error","message":"Verify code error","stack":"ValidationError: User validation failed: lastName: Path `lastName` is required., firstName: Path `firstName` is required.\n    at Document.invalidate (C:\\Users\\corew\\localpro-super-app\\node_modules\\mongoose\\lib\\document.js:3187:32)\n    at C:\\Users\\corew\\localpro-super-app\\node_modules\\mongoose\\lib\\document.js:2980:17\n    at C:\\Users\\corew\\localpro-super-app\\node_modules\\mongoose\\lib\\schemaType.js:1368:9\n    at process.processTicksAndRejections (node:internal/process/task_queues:85:11)","timestamp":"2025-10-27T02:51:25.715Z"}
{"ip":"::1","level":"warn","message":"HTTP Request","method":"POST","responseTime":"897ms","statusCode":500,"timestamp":"2025-10-27T02:51:25.715Z","url":"/api/auth/verify-code","userAgent":"node","userId":null}
{"level":"http","message":"::1 - - [27/Oct/2025:02:51:25 +0000] \"POST /api/auth/verify-code HTTP/1.1\" 500 92 \"-\" \"node\"","timestamp":"2025-10-27T02:51:25.716Z"}
{"ip":"::1","level":"info","message":"Request Started","method":"POST","timestamp":"2025-10-27T02:51:45.301Z","url":"/api/auth/verify-code","userAgent":"node","userId":null}
{"clientInfo":{"ip":"::1","timestamp":"2025-10-27T02:51:45.302Z","userAgent":"node"},"code":"86****","duration":875,"level":"warn","message":"Verification code verification failed","phoneNumber":"+6391***","timestamp":"2025-10-27T02:51:46.177Z"}
{"ip":"::1","level":"warn","message":"HTTP Request","method":"POST","responseTime":"877ms","statusCode":400,"timestamp":"2025-10-27T02:51:46.178Z","url":"/api/auth/verify-code","userAgent":"node","userId":null}
{"level":"http","message":"::1 - - [27/Oct/2025:02:51:46 +0000] \"POST /api/auth/verify-code HTTP/1.1\" 400 101 \"-\" \"node\"","timestamp":"2025-10-27T02:51:46.179Z"}
{"environment":"development","level":"info","message":"LocalPro Super App API Started","port":"5000","timestamp":"2025-10-27T02:54:34.991Z"}
{"ip":"::1","level":"info","message":"Request Started","method":"POST","timestamp":"2025-10-27T02:54:42.127Z","url":"/api/auth/send-code","userAgent":"PostmanRuntime/7.49.0","userId":null}
{"clientInfo":{"ip":"::1","timestamp":"2025-10-27T02:54:42.129Z","userAgent":"PostmanRuntime/7.49.0"},"duration":1118,"isNewUser":true,"level":"info","message":"Verification code sent successfully","phoneNumber":"+6391***","timestamp":"2025-10-27T02:54:43.250Z"}
{"ip":"::1","level":"http","message":"HTTP Request","method":"POST","responseTime":"1128ms","statusCode":200,"timestamp":"2025-10-27T02:54:43.255Z","url":"/api/auth/send-code","userAgent":"PostmanRuntime/7.49.0","userId":null}
{"level":"http","message":"::1 - - [27/Oct/2025:02:54:43 +0000] \"POST /api/auth/send-code HTTP/1.1\" 200 81 \"-\" \"PostmanRuntime/7.49.0\"","timestamp":"2025-10-27T02:54:43.258Z"}
{"ip":"::1","level":"info","message":"Request Started","method":"POST","timestamp":"2025-10-27T02:55:19.913Z","url":"/api/auth/verify-code","userAgent":"PostmanRuntime/7.49.0","userId":null}
{"clientInfo":{"ip":"::1","timestamp":"2025-10-27T02:55:19.920Z","userAgent":"PostmanRuntime/7.49.0"},"duration":901,"error":"User validation failed: lastName: Path `lastName` is required., firstName: Path `firstName` is required.","level":"error","message":"Verify code error","stack":"ValidationError: User validation failed: lastName: Path `lastName` is required., firstName: Path `firstName` is required.\n    at Document.invalidate (C:\\Users\\corew\\localpro-super-app\\node_modules\\mongoose\\lib\\document.js:3187:32)\n    at C:\\Users\\corew\\localpro-super-app\\node_modules\\mongoose\\lib\\document.js:2980:17\n    at C:\\Users\\corew\\localpro-super-app\\node_modules\\mongoose\\lib\\schemaType.js:1368:9\n    at process.processTicksAndRejections (node:internal/process/task_queues:85:11)","timestamp":"2025-10-27T02:55:20.822Z"}
{"ip":"::1","level":"warn","message":"HTTP Request","method":"POST","responseTime":"909ms","statusCode":500,"timestamp":"2025-10-27T02:55:20.822Z","url":"/api/auth/verify-code","userAgent":"PostmanRuntime/7.49.0","userId":null}
{"level":"http","message":"::1 - - [27/Oct/2025:02:55:20 +0000] \"POST /api/auth/verify-code HTTP/1.1\" 500 92 \"-\" \"PostmanRuntime/7.49.0\"","timestamp":"2025-10-27T02:55:20.825Z"}
{"environment":"development","level":"info","message":"LocalPro Super App API Started","port":"5000","timestamp":"2025-10-27T02:56:31.173Z"}
{"environment":"development","level":"info","message":"LocalPro Super App API Started","port":"5000","timestamp":"2025-10-27T02:56:50.290Z"}
{"environment":"development","level":"info","message":"LocalPro Super App API Started","port":"5000","timestamp":"2025-10-27T02:57:16.865Z"}
{"environment":"development","level":"info","message":"LocalPro Super App API Started","port":"5000","timestamp":"2025-10-27T02:57:18.762Z"}
{"ip":"::1","level":"info","message":"Request Started","method":"POST","timestamp":"2025-10-27T02:58:36.879Z","url":"/api/auth/send-code","userAgent":"node","userId":null}
{"clientInfo":{"ip":"::1","timestamp":"2025-10-27T02:58:36.882Z","userAgent":"node"},"duration":1114,"isNewUser":true,"level":"info","message":"Verification code sent successfully","phoneNumber":"+6391***","timestamp":"2025-10-27T02:58:37.996Z"}
{"ip":"::1","level":"http","message":"HTTP Request","method":"POST","responseTime":"1119ms","statusCode":200,"timestamp":"2025-10-27T02:58:37.998Z","url":"/api/auth/send-code","userAgent":"node","userId":null}
{"level":"http","message":"::1 - - [27/Oct/2025:02:58:37 +0000] \"POST /api/auth/send-code HTTP/1.1\" 200 81 \"-\" \"node\"","timestamp":"2025-10-27T02:58:38.000Z"}
{"ip":"::1","level":"info","message":"Request Started","method":"POST","timestamp":"2025-10-27T02:58:56.143Z","url":"/api/auth/verify-code","userAgent":"node","userId":null}
{"clientInfo":{"ip":"::1","timestamp":"2025-10-27T02:58:56.155Z","userAgent":"node"},"duration":861,"error":"User validation failed: lastName: Path `lastName` is required., firstName: Path `firstName` is required.","level":"error","message":"Verify code error","stack":"ValidationError: User validation failed: lastName: Path `lastName` is required., firstName: Path `firstName` is required.\n    at Document.invalidate (C:\\Users\\corew\\localpro-super-app\\node_modules\\mongoose\\lib\\document.js:3187:32)\n    at C:\\Users\\corew\\localpro-super-app\\node_modules\\mongoose\\lib\\document.js:2980:17\n    at C:\\Users\\corew\\localpro-super-app\\node_modules\\mongoose\\lib\\schemaType.js:1368:9\n    at process.processTicksAndRejections (node:internal/process/task_queues:85:11)","timestamp":"2025-10-27T02:58:57.017Z"}
{"ip":"::1","level":"warn","message":"HTTP Request","method":"POST","responseTime":"874ms","statusCode":500,"timestamp":"2025-10-27T02:58:57.017Z","url":"/api/auth/verify-code","userAgent":"node","userId":null}
{"level":"http","message":"::1 - - [27/Oct/2025:02:58:57 +0000] \"POST /api/auth/verify-code HTTP/1.1\" 500 92 \"-\" \"node\"","timestamp":"2025-10-27T02:58:57.018Z"}
{"environment":"development","level":"info","message":"LocalPro Super App API Started","port":"5000","timestamp":"2025-10-27T03:08:28.761Z"}
{"environment":"development","level":"info","message":"LocalPro Super App API Started","port":"5000","timestamp":"2025-10-27T04:09:44.691Z"}
{"environment":"development","level":"info","message":"LocalPro Super App API Started","port":"5000","timestamp":"2025-10-27T04:10:57.404Z"}
{"environment":"development","level":"info","message":"LocalPro Super App API Started","port":"5000","timestamp":"2025-10-27T04:13:26.572Z"}
{"environment":"development","level":"info","message":"LocalPro Super App API Started","port":"5000","timestamp":"2025-10-27T04:13:34.022Z"}
{"environment":"development","level":"info","message":"LocalPro Super App API Started","port":"5000","timestamp":"2025-10-27T04:16:02.594Z"}
{"environment":"development","level":"info","message":"LocalPro Super App API Started","port":"5000","timestamp":"2025-10-27T04:17:29.898Z"}
{"environment":"development","level":"info","message":"LocalPro Super App API Started","port":"5000","timestamp":"2025-10-27T04:18:08.802Z"}
{"environment":"development","level":"info","message":"LocalPro Super App API Started","port":"5000","timestamp":"2025-10-27T04:18:33.255Z"}
{"environment":"development","level":"info","message":"LocalPro Super App API Started","port":"5000","timestamp":"2025-10-27T04:18:58.305Z"}
{"environment":"development","level":"info","message":"LocalPro Super App API Started","port":"5000","timestamp":"2025-10-27T04:19:37.621Z"}
{"environment":"development","level":"info","message":"LocalPro Super App API Started","port":"5000","timestamp":"2025-10-27T04:20:51.636Z"}
{"environment":"development","level":"info","message":"LocalPro Super App API Started","port":"5000","timestamp":"2025-10-27T04:21:10.090Z"}
{"environment":"development","level":"info","message":"LocalPro Super App API Started","port":"5000","timestamp":"2025-10-27T04:22:18.233Z"}
{"environment":"development","level":"info","message":"LocalPro Super App API Started","port":"5000","timestamp":"2025-10-27T04:22:24.234Z"}
{"environment":"development","level":"info","message":"LocalPro Super App API Started","port":"5000","timestamp":"2025-10-27T04:22:34.645Z"}
{"environment":"development","level":"info","message":"LocalPro Super App API Started","port":"5000","timestamp":"2025-10-27T04:22:37.906Z"}
{"environment":"development","level":"info","message":"LocalPro Super App API Started","port":"5000","timestamp":"2025-10-27T04:22:40.985Z"}
{"environment":"development","level":"info","message":"LocalPro Super App API Started","port":"5000","timestamp":"2025-10-27T04:22:45.336Z"}
{"environment":"development","level":"info","message":"LocalPro Super App API Started","port":"5000","timestamp":"2025-10-27T04:23:40.454Z"}
{"environment":"development","level":"info","message":"LocalPro Super App API Started","port":"5000","timestamp":"2025-10-27T04:24:13.652Z"}
{"environment":"development","level":"info","message":"LocalPro Super App API Started","port":"5000","timestamp":"2025-10-27T04:24:44.053Z"}
{"environment":"development","level":"info","message":"LocalPro Super App API Started","port":"5000","timestamp":"2025-10-27T04:25:21.053Z"}
{"environment":"development","level":"info","message":"LocalPro Super App API Started","port":"5000","timestamp":"2025-10-27T04:28:00.360Z"}
{"environment":"development","level":"info","message":"LocalPro Super App API Started","port":"5000","timestamp":"2025-10-27T04:29:27.554Z"}
{"environment":"development","level":"info","message":"LocalPro Super App API Started","port":"5000","timestamp":"2025-10-27T04:29:33.451Z"}
{"environment":"development","level":"info","message":"LocalPro Super App API Started","port":"5000","timestamp":"2025-10-27T04:29:46.972Z"}
{"environment":"development","level":"info","message":"LocalPro Super App API Started","port":"5000","timestamp":"2025-10-27T04:30:05.052Z"}
{"environment":"development","level":"info","message":"LocalPro Super App API Started","port":"5000","timestamp":"2025-10-27T04:30:34.589Z"}
{"environment":"development","level":"info","message":"LocalPro Super App API Started","port":"5000","timestamp":"2025-10-27T04:31:04.120Z"}
{"environment":"development","level":"info","message":"LocalPro Super App API Started","port":"5000","timestamp":"2025-10-27T04:31:18.861Z"}
{"environment":"development","level":"info","message":"LocalPro Super App API Started","port":"5000","timestamp":"2025-10-27T04:31:29.171Z"}
{"environment":"development","level":"info","message":"LocalPro Super App API Started","port":"5000","timestamp":"2025-10-27T04:31:38.692Z"}
{"environment":"development","level":"info","message":"LocalPro Super App API Started","port":"5000","timestamp":"2025-10-27T04:32:42.771Z"}
{"environment":"development","level":"info","message":"LocalPro Super App API Started","port":"5000","timestamp":"2025-10-27T04:33:17.277Z"}
{"environment":"development","level":"info","message":"LocalPro Super App API Started","port":"5000","timestamp":"2025-10-27T04:33:54.999Z"}
{"environment":"development","level":"info","message":"LocalPro Super App API Started","port":"5000","timestamp":"2025-10-27T04:34:00.401Z"}
{"environment":"development","level":"info","message":"LocalPro Super App API Started","port":"5000","timestamp":"2025-10-27T04:34:13.568Z"}
{"environment":"development","level":"info","message":"LocalPro Super App API Started","port":"5000","timestamp":"2025-10-27T04:34:27.154Z"}
{"environment":"development","level":"info","message":"LocalPro Super App API Started","port":"5000","timestamp":"2025-10-27T04:34:38.269Z"}
{"environment":"development","level":"info","message":"LocalPro Super App API Started","port":"5000","timestamp":"2025-10-27T04:35:00.570Z"}
{"environment":"development","level":"info","message":"LocalPro Super App API Started","port":"5000","timestamp":"2025-10-27T04:35:20.168Z"}
{"environment":"development","level":"info","message":"LocalPro Super App API Started","port":"5000","timestamp":"2025-10-27T04:36:01.875Z"}
{"environment":"development","level":"info","message":"LocalPro Super App API Started","port":"5000","timestamp":"2025-10-27T04:36:15.625Z"}
{"environment":"development","level":"info","message":"LocalPro Super App API Started","port":"5000","timestamp":"2025-10-27T04:36:43.033Z"}
{"environment":"development","level":"info","message":"LocalPro Super App API Started","port":"5000","timestamp":"2025-10-27T04:37:07.529Z"}
{"environment":"development","level":"info","message":"LocalPro Super App API Started","port":"5000","timestamp":"2025-10-27T04:38:44.889Z"}
{"environment":"development","level":"info","message":"LocalPro Super App API Started","port":"5000","timestamp":"2025-10-27T04:38:47.441Z"}
{"environment":"development","level":"info","message":"LocalPro Super App API Started","port":"5000","timestamp":"2025-10-27T04:38:51.173Z"}
{"environment":"development","level":"info","message":"LocalPro Super App API Started","port":"5000","timestamp":"2025-10-27T04:38:59.741Z"}
{"environment":"development","level":"info","message":"LocalPro Super App API Started","port":"5000","timestamp":"2025-10-27T04:39:04.983Z"}
{"environment":"development","level":"info","message":"LocalPro Super App API Started","port":"5000","timestamp":"2025-10-27T04:39:07.304Z"}
{"environment":"development","level":"info","message":"LocalPro Super App API Started","port":"5000","timestamp":"2025-10-27T04:40:00.000Z"}
{"environment":"development","level":"info","message":"LocalPro Super App API Started","port":"5000","timestamp":"2025-10-27T04:40:03.832Z"}
{"environment":"development","level":"info","message":"LocalPro Super App API Started","port":"5000","timestamp":"2025-10-27T04:40:06.984Z"}
{"environment":"development","level":"info","message":"LocalPro Super App API Started","port":"5000","timestamp":"2025-10-27T04:40:11.619Z"}
{"environment":"development","level":"info","message":"LocalPro Super App API Started","port":"5000","timestamp":"2025-10-27T04:40:15.256Z"}
{"environment":"development","level":"info","message":"LocalPro Super App API Started","port":"5000","timestamp":"2025-10-27T04:40:27.185Z"}
{"environment":"development","level":"info","message":"LocalPro Super App API Started","port":"5000","timestamp":"2025-10-27T04:40:28.769Z"}
{"environment":"development","level":"info","message":"LocalPro Super App API Started","port":"5000","timestamp":"2025-10-27T04:40:45.460Z"}
{"environment":"development","level":"info","message":"LocalPro Super App API Started","port":"5000","timestamp":"2025-10-27T04:41:09.477Z"}
{"environment":"development","level":"info","message":"LocalPro Super App API Started","port":"5000","timestamp":"2025-10-27T04:41:12.487Z"}
{"environment":"development","level":"info","message":"LocalPro Super App API Started","port":"5000","timestamp":"2025-10-27T04:41:15.151Z"}
{"environment":"development","level":"info","message":"LocalPro Super App API Started","port":"5000","timestamp":"2025-10-27T04:41:47.486Z"}
{"environment":"development","level":"info","message":"LocalPro Super App API Started","port":"5000","timestamp":"2025-10-27T04:42:48.782Z"}
{"environment":"development","level":"info","message":"LocalPro Super App API Started","port":"5000","timestamp":"2025-10-27T04:43:09.951Z"}
{"environment":"development","level":"info","message":"LocalPro Super App API Started","port":"5000","timestamp":"2025-10-27T04:43:17.202Z"}
{"environment":"development","level":"info","message":"LocalPro Super App API Started","port":"5000","timestamp":"2025-10-27T04:43:20.673Z"}
{"environment":"development","level":"info","message":"LocalPro Super App API Started","port":"5000","timestamp":"2025-10-27T04:43:24.479Z"}
{"environment":"development","level":"info","message":"LocalPro Super App API Started","port":"5000","timestamp":"2025-10-27T04:43:28.135Z"}
{"environment":"development","level":"info","message":"LocalPro Super App API Started","port":"5000","timestamp":"2025-10-27T04:43:30.755Z"}
{"environment":"development","level":"info","message":"LocalPro Super App API Started","port":"5000","timestamp":"2025-10-27T04:43:46.994Z"}
{"environment":"development","level":"info","message":"LocalPro Super App API Started","port":"5000","timestamp":"2025-10-27T04:44:06.053Z"}
{"ip":"::1","level":"info","message":"Request Started","method":"POST","timestamp":"2025-10-27T04:48:38.739Z","url":"/api/auth/send-code","userAgent":"node","userId":null}
{"clientInfo":{"ip":"::1","timestamp":"2025-10-27T04:48:38.741Z","userAgent":"node"},"duration":1042,"isNewUser":false,"level":"info","message":"Verification code sent successfully","phoneNumber":"+6391***","timestamp":"2025-10-27T04:48:39.784Z"}
{"ip":"::1","level":"http","message":"HTTP Request","method":"POST","responseTime":"1047ms","statusCode":200,"timestamp":"2025-10-27T04:48:39.785Z","url":"/api/auth/send-code","userAgent":"node","userId":null}
{"level":"http","message":"::1 - - [27/Oct/2025:04:48:39 +0000] \"POST /api/auth/send-code HTTP/1.1\" 200 82 \"-\" \"node\"","timestamp":"2025-10-27T04:48:39.787Z"}
{"ip":"::1","level":"info","message":"Request Started","method":"POST","timestamp":"2025-10-27T04:48:59.188Z","url":"/api/auth/verify-code","userAgent":"node","userId":null}
{"clientInfo":{"ip":"::1","timestamp":"2025-10-27T04:48:59.189Z","userAgent":"node"},"duration":969,"level":"info","message":"Existing user login successful","phoneNumber":"+6391***","timestamp":"2025-10-27T04:49:00.158Z","userId":"68fef891c26a67681479d98c"}
{"ip":"::1","level":"http","message":"HTTP Request","method":"POST","responseTime":"971ms","statusCode":200,"timestamp":"2025-10-27T04:49:00.159Z","url":"/api/auth/verify-code","userAgent":"node","userId":null}
{"level":"http","message":"::1 - - [27/Oct/2025:04:49:00 +0000] \"POST /api/auth/verify-code HTTP/1.1\" 200 613 \"-\" \"node\"","timestamp":"2025-10-27T04:49:00.160Z"}
{"ip":"::1","level":"info","message":"Request Started","method":"GET","timestamp":"2025-10-27T04:49:05.027Z","url":"/api/users/68fef891c26a67681479d98c","userAgent":"Mozilla/5.0 (Windows NT 10.0; Win64; x64) AppleWebKit/537.36 (KHTML, like Gecko) Chrome/141.0.0.0 Safari/537.36","userId":null}
{"action":"user_view","actor":"68fef891c26a67681479d98c","auditId":"e021f8dcb615cdd11ec541658f576556","category":"user_management","level":"info","message":"Audit Event Logged","severity":"low","target":"user","timestamp":"2025-10-27T04:49:05.194Z"}
{"ip":"::1","level":"http","message":"HTTP Request","method":"GET","responseTime":"168ms","statusCode":200,"timestamp":"2025-10-27T04:49:05.195Z","url":"/api/users/68fef891c26a67681479d98c","userAgent":"Mozilla/5.0 (Windows NT 10.0; Win64; x64) AppleWebKit/537.36 (KHTML, like Gecko) Chrome/141.0.0.0 Safari/537.36","userId":"68fef891c26a67681479d98c"}
{"level":"http","message":"::1 - - [27/Oct/2025:04:49:05 +0000] \"GET /api/users/68fef891c26a67681479d98c HTTP/1.1\" 200 5343 \"http://localhost:3000/\" \"Mozilla/5.0 (Windows NT 10.0; Win64; x64) AppleWebKit/537.36 (KHTML, like Gecko) Chrome/141.0.0.0 Safari/537.36\"","timestamp":"2025-10-27T04:49:05.199Z"}
{"ip":"::1","level":"info","message":"Request Started","method":"GET","timestamp":"2025-10-27T04:49:06.190Z","url":"/api/announcements?page=1&limit=10","userAgent":"node","userId":null}
{"context":"App","level":"info","message":"Announcements retrieved","query":{"limit":"10","page":"1"},"resultCount":0,"timestamp":"2025-10-27T04:49:06.287Z","totalCount":0}
{"ip":"::1","level":"http","message":"HTTP Request","method":"GET","responseTime":"98ms","statusCode":200,"timestamp":"2025-10-27T04:49:06.288Z","url":"/api/announcements?page=1&limit=10","userAgent":"node","userId":null}
{"level":"http","message":"::1 - - [27/Oct/2025:04:49:06 +0000] \"GET /api/announcements?page=1&limit=10 HTTP/1.1\" 200 155 \"-\" \"node\"","timestamp":"2025-10-27T04:49:06.289Z"}
{"ip":"::1","level":"info","message":"Request Started","method":"GET","timestamp":"2025-10-27T04:49:06.679Z","url":"/api/announcements?page=1&limit=10","userAgent":"node","userId":null}
{"context":"App","level":"info","message":"Announcements retrieved","query":{"limit":"10","page":"1"},"resultCount":0,"timestamp":"2025-10-27T04:49:06.751Z","totalCount":0}
{"ip":"::1","level":"http","message":"HTTP Request","method":"GET","responseTime":"72ms","statusCode":200,"timestamp":"2025-10-27T04:49:06.751Z","url":"/api/announcements?page=1&limit=10","userAgent":"node","userId":null}
{"level":"http","message":"::1 - - [27/Oct/2025:04:49:06 +0000] \"GET /api/announcements?page=1&limit=10 HTTP/1.1\" 200 155 \"-\" \"node\"","timestamp":"2025-10-27T04:49:06.753Z"}
{"ip":"::1","level":"info","message":"Request Started","method":"GET","timestamp":"2025-10-27T04:52:52.355Z","url":"/api/analytics/overview","userAgent":"node","userId":null}
{"ip":"::1","level":"http","message":"HTTP Request","method":"GET","responseTime":"465ms","statusCode":200,"timestamp":"2025-10-27T04:52:52.820Z","url":"/api/analytics/overview","userAgent":"node","userId":"68fef891c26a67681479d98c"}
{"level":"http","message":"::1 - - [27/Oct/2025:04:52:52 +0000] \"GET /api/analytics/overview HTTP/1.1\" 200 481 \"-\" \"node\"","timestamp":"2025-10-27T04:52:52.825Z"}
{"ip":"::1","level":"info","message":"Request Started","method":"GET","timestamp":"2025-10-27T04:52:53.415Z","url":"/api/analytics/overview","userAgent":"node","userId":null}
{"ip":"::1","level":"http","message":"HTTP Request","method":"GET","responseTime":"404ms","statusCode":200,"timestamp":"2025-10-27T04:52:53.818Z","url":"/api/analytics/overview","userAgent":"node","userId":"68fef891c26a67681479d98c"}
{"level":"http","message":"::1 - - [27/Oct/2025:04:52:53 +0000] \"GET /api/analytics/overview HTTP/1.1\" 200 481 \"-\" \"node\"","timestamp":"2025-10-27T04:52:53.819Z"}
{"ip":"::1","level":"info","message":"Request Started","method":"GET","timestamp":"2025-10-27T04:52:57.152Z","url":"/api/users/stats","userAgent":"node","userId":null}
{"ip":"::1","level":"info","message":"Request Started","method":"GET","timestamp":"2025-10-27T04:52:57.214Z","url":"/api/analytics/user?period=week","userAgent":"node","userId":null}
{"action":"user_view","actor":"68fef891c26a67681479d98c","auditId":"66240ae4417736bbae75183e09bf7843","category":"user_management","level":"info","message":"Audit Event Logged","severity":"low","target":"user","timestamp":"2025-10-27T04:52:57.319Z"}
{"ip":"::1","level":"http","message":"HTTP Request","method":"GET","responseTime":"167ms","statusCode":200,"timestamp":"2025-10-27T04:52:57.319Z","url":"/api/users/stats","userAgent":"node","userId":"68fef891c26a67681479d98c"}
{"level":"http","message":"::1 - - [27/Oct/2025:04:52:57 +0000] \"GET /api/users/stats HTTP/1.1\" 200 1090 \"-\" \"node\"","timestamp":"2025-10-27T04:52:57.320Z"}
{"ip":"::1","level":"http","message":"HTTP Request","method":"GET","responseTime":"164ms","statusCode":200,"timestamp":"2025-10-27T04:52:57.378Z","url":"/api/analytics/user?period=week","userAgent":"node","userId":"68fef891c26a67681479d98c"}
{"level":"http","message":"::1 - - [27/Oct/2025:04:52:57 +0000] \"GET /api/analytics/user?period=week HTTP/1.1\" 200 1362 \"-\" \"node\"","timestamp":"2025-10-27T04:52:57.380Z"}
{"ip":"::1","level":"info","message":"Request Started","method":"GET","timestamp":"2025-10-27T04:52:57.803Z","url":"/api/analytics/user?period=week","userAgent":"node","userId":null}
{"ip":"::1","level":"http","message":"HTTP Request","method":"GET","responseTime":"161ms","statusCode":200,"timestamp":"2025-10-27T04:52:57.964Z","url":"/api/analytics/user?period=week","userAgent":"node","userId":"68fef891c26a67681479d98c"}
{"level":"http","message":"::1 - - [27/Oct/2025:04:52:57 +0000] \"GET /api/analytics/user?period=week HTTP/1.1\" 200 1362 \"-\" \"node\"","timestamp":"2025-10-27T04:52:57.968Z"}
{"ip":"::1","level":"info","message":"Request Started","method":"GET","timestamp":"2025-10-27T04:52:59.847Z","url":"/api/marketplace/services?page=1&limit=50","userAgent":"node","userId":null}
{"ip":"::1","level":"info","message":"Request Started","method":"GET","timestamp":"2025-10-27T04:52:59.906Z","url":"/api/analytics/marketplace?period=week","userAgent":"node","userId":null}
{"ip":"::1","level":"http","message":"HTTP Request","method":"GET","responseTime":"108ms","statusCode":200,"timestamp":"2025-10-27T04:52:59.955Z","url":"/api/marketplace/services?page=1&limit=50","userAgent":"node","userId":null}
{"level":"http","message":"::1 - - [27/Oct/2025:04:52:59 +0000] \"GET /api/marketplace/services?page=1&limit=50 HTTP/1.1\" 200 2240 \"-\" \"node\"","timestamp":"2025-10-27T04:52:59.958Z"}
{"ip":"::1","level":"http","message":"HTTP Request","method":"GET","responseTime":"295ms","statusCode":200,"timestamp":"2025-10-27T04:53:00.201Z","url":"/api/analytics/marketplace?period=week","userAgent":"node","userId":"68fef891c26a67681479d98c"}
{"level":"http","message":"::1 - - [27/Oct/2025:04:53:00 +0000] \"GET /api/analytics/marketplace?period=week HTTP/1.1\" 200 611 \"-\" \"node\"","timestamp":"2025-10-27T04:53:00.202Z"}
{"ip":"::1","level":"info","message":"Request Started","method":"GET","timestamp":"2025-10-27T04:53:00.365Z","url":"/api/marketplace/services?page=1&limit=50","userAgent":"node","userId":null}
{"ip":"::1","level":"http","message":"HTTP Request","method":"GET","responseTime":"164ms","statusCode":200,"timestamp":"2025-10-27T04:53:00.529Z","url":"/api/marketplace/services?page=1&limit=50","userAgent":"node","userId":null}
{"level":"http","message":"::1 - - [27/Oct/2025:04:53:00 +0000] \"GET /api/marketplace/services?page=1&limit=50 HTTP/1.1\" 200 2240 \"-\" \"node\"","timestamp":"2025-10-27T04:53:00.530Z"}
{"ip":"::1","level":"info","message":"Request Started","method":"GET","timestamp":"2025-10-27T04:53:00.617Z","url":"/api/analytics/marketplace?period=week","userAgent":"node","userId":null}
{"ip":"::1","level":"http","message":"HTTP Request","method":"GET","responseTime":"275ms","statusCode":200,"timestamp":"2025-10-27T04:53:00.892Z","url":"/api/analytics/marketplace?period=week","userAgent":"node","userId":"68fef891c26a67681479d98c"}
{"level":"http","message":"::1 - - [27/Oct/2025:04:53:00 +0000] \"GET /api/analytics/marketplace?period=week HTTP/1.1\" 200 611 \"-\" \"node\"","timestamp":"2025-10-27T04:53:00.893Z"}
{"ip":"::1","level":"info","message":"Request Started","method":"GET","timestamp":"2025-10-27T04:53:05.980Z","url":"/api/supplies?page=1&limit=10","userAgent":"node","userId":null}
{"ip":"::1","level":"http","message":"HTTP Request","method":"GET","responseTime":"171ms","statusCode":200,"timestamp":"2025-10-27T04:53:06.151Z","url":"/api/supplies?page=1&limit=10","userAgent":"node","userId":null}
{"level":"http","message":"::1 - - [27/Oct/2025:04:53:06 +0000] \"GET /api/supplies?page=1&limit=10 HTTP/1.1\" 200 1732 \"-\" \"node\"","timestamp":"2025-10-27T04:53:06.153Z"}
{"ip":"::1","level":"info","message":"Request Started","method":"GET","timestamp":"2025-10-27T04:53:06.538Z","url":"/api/supplies?page=1&limit=10","userAgent":"node","userId":null}
{"ip":"::1","level":"http","message":"HTTP Request","method":"GET","responseTime":"179ms","statusCode":200,"timestamp":"2025-10-27T04:53:06.717Z","url":"/api/supplies?page=1&limit=10","userAgent":"node","userId":null}
{"level":"http","message":"::1 - - [27/Oct/2025:04:53:06 +0000] \"GET /api/supplies?page=1&limit=10 HTTP/1.1\" 200 1732 \"-\" \"node\"","timestamp":"2025-10-27T04:53:06.719Z"}
{"ip":"::1","level":"info","message":"Request Started","method":"GET","timestamp":"2025-10-27T04:53:07.139Z","url":"/api/supplies?page=1&limit=10","userAgent":"node","userId":null}
{"ip":"::1","level":"http","message":"HTTP Request","method":"GET","responseTime":"163ms","statusCode":200,"timestamp":"2025-10-27T04:53:07.302Z","url":"/api/supplies?page=1&limit=10","userAgent":"node","userId":null}
{"level":"http","message":"::1 - - [27/Oct/2025:04:53:07 +0000] \"GET /api/supplies?page=1&limit=10 HTTP/1.1\" 200 1732 \"-\" \"node\"","timestamp":"2025-10-27T04:53:07.304Z"}
{"ip":"::1","level":"info","message":"Request Started","method":"GET","timestamp":"2025-10-27T04:53:07.690Z","url":"/api/supplies?page=1&limit=10","userAgent":"node","userId":null}
{"ip":"::1","level":"http","message":"HTTP Request","method":"GET","responseTime":"168ms","statusCode":200,"timestamp":"2025-10-27T04:53:07.858Z","url":"/api/supplies?page=1&limit=10","userAgent":"node","userId":null}
{"level":"http","message":"::1 - - [27/Oct/2025:04:53:07 +0000] \"GET /api/supplies?page=1&limit=10 HTTP/1.1\" 200 1732 \"-\" \"node\"","timestamp":"2025-10-27T04:53:07.859Z"}
{"ip":"::1","level":"info","message":"Request Started","method":"GET","timestamp":"2025-10-27T04:53:13.113Z","url":"/api/rentals?page=1&limit=20","userAgent":"node","userId":null}
{"ip":"::1","level":"info","message":"Request Started","method":"GET","timestamp":"2025-10-27T04:53:13.167Z","url":"/api/rentals/statistics","userAgent":"node","userId":null}
{"ip":"::1","level":"warn","message":"HTTP Request","method":"GET","responseTime":"3ms","statusCode":400,"timestamp":"2025-10-27T04:53:13.170Z","url":"/api/rentals/statistics","userAgent":"node","userId":null}
{"level":"http","message":"::1 - - [27/Oct/2025:04:53:13 +0000] \"GET /api/rentals/statistics HTTP/1.1\" 400 54 \"-\" \"node\"","timestamp":"2025-10-27T04:53:13.171Z"}
{"ip":"::1","level":"http","message":"HTTP Request","method":"GET","responseTime":"172ms","statusCode":200,"timestamp":"2025-10-27T04:53:13.285Z","url":"/api/rentals?page=1&limit=20","userAgent":"node","userId":null}
{"level":"http","message":"::1 - - [27/Oct/2025:04:53:13 +0000] \"GET /api/rentals?page=1&limit=20 HTTP/1.1\" 200 1305 \"-\" \"node\"","timestamp":"2025-10-27T04:53:13.286Z"}
{"ip":"::1","level":"info","message":"Request Started","method":"GET","timestamp":"2025-10-27T04:53:13.840Z","url":"/api/rentals/statistics","userAgent":"node","userId":null}
{"ip":"::1","level":"warn","message":"HTTP Request","method":"GET","responseTime":"2ms","statusCode":400,"timestamp":"2025-10-27T04:53:13.842Z","url":"/api/rentals/statistics","userAgent":"node","userId":null}
{"level":"http","message":"::1 - - [27/Oct/2025:04:53:13 +0000] \"GET /api/rentals/statistics HTTP/1.1\" 400 54 \"-\" \"node\"","timestamp":"2025-10-27T04:53:13.843Z"}
{"ip":"::1","level":"info","message":"Request Started","method":"GET","timestamp":"2025-10-27T04:53:13.844Z","url":"/api/rentals?page=1&limit=20","userAgent":"node","userId":null}
{"ip":"::1","level":"http","message":"HTTP Request","method":"GET","responseTime":"174ms","statusCode":200,"timestamp":"2025-10-27T04:53:14.018Z","url":"/api/rentals?page=1&limit=20","userAgent":"node","userId":null}
{"level":"http","message":"::1 - - [27/Oct/2025:04:53:14 +0000] \"GET /api/rentals?page=1&limit=20 HTTP/1.1\" 200 1305 \"-\" \"node\"","timestamp":"2025-10-27T04:53:14.019Z"}
{"ip":"::1","level":"info","message":"Request Started","method":"GET","timestamp":"2025-10-27T04:53:17.137Z","url":"/api/ads","userAgent":"node","userId":null}
{"ip":"::1","level":"http","message":"HTTP Request","method":"GET","responseTime":"113ms","statusCode":200,"timestamp":"2025-10-27T04:53:17.250Z","url":"/api/ads","userAgent":"node","userId":null}
{"level":"http","message":"::1 - - [27/Oct/2025:04:53:17 +0000] \"GET /api/ads HTTP/1.1\" 200 65 \"-\" \"node\"","timestamp":"2025-10-27T04:53:17.252Z"}
{"ip":"::1","level":"info","message":"Request Started","method":"GET","timestamp":"2025-10-27T04:53:17.641Z","url":"/api/ads","userAgent":"node","userId":null}
{"ip":"::1","level":"http","message":"HTTP Request","method":"GET","responseTime":"108ms","statusCode":200,"timestamp":"2025-10-27T04:53:17.749Z","url":"/api/ads","userAgent":"node","userId":null}
{"level":"http","message":"::1 - - [27/Oct/2025:04:53:17 +0000] \"GET /api/ads HTTP/1.1\" 200 65 \"-\" \"node\"","timestamp":"2025-10-27T04:53:17.750Z"}
{"ip":"::1","level":"info","message":"Request Started","method":"GET","timestamp":"2025-10-27T04:53:19.537Z","url":"/api/analytics/overview","userAgent":"node","userId":null}
{"ip":"::1","level":"http","message":"HTTP Request","method":"GET","responseTime":"654ms","statusCode":200,"timestamp":"2025-10-27T04:53:20.191Z","url":"/api/analytics/overview","userAgent":"node","userId":"68fef891c26a67681479d98c"}
{"level":"http","message":"::1 - - [27/Oct/2025:04:53:20 +0000] \"GET /api/analytics/overview HTTP/1.1\" 200 481 \"-\" \"node\"","timestamp":"2025-10-27T04:53:20.192Z"}
{"ip":"::1","level":"info","message":"Request Started","method":"GET","timestamp":"2025-10-27T04:53:20.712Z","url":"/api/analytics/overview","userAgent":"node","userId":null}
{"ip":"::1","level":"http","message":"HTTP Request","method":"GET","responseTime":"661ms","statusCode":200,"timestamp":"2025-10-27T04:53:21.373Z","url":"/api/analytics/overview","userAgent":"node","userId":"68fef891c26a67681479d98c"}
{"level":"http","message":"::1 - - [27/Oct/2025:04:53:21 +0000] \"GET /api/analytics/overview HTTP/1.1\" 200 481 \"-\" \"node\"","timestamp":"2025-10-27T04:53:21.377Z"}
{"ip":"::1","level":"info","message":"Request Started","method":"GET","timestamp":"2025-10-27T04:53:27.757Z","url":"/api/users/68fef891c26a67681479d98c","userAgent":"Mozilla/5.0 (Windows NT 10.0; Win64; x64) AppleWebKit/537.36 (KHTML, like Gecko) Chrome/141.0.0.0 Safari/537.36","userId":null}
{"action":"user_view","actor":"68fef891c26a67681479d98c","auditId":"6ef292ce1e37e71516d0817523d9f945","category":"user_management","level":"info","message":"Audit Event Logged","severity":"low","target":"user","timestamp":"2025-10-27T04:53:28.002Z"}
{"ip":"::1","level":"http","message":"HTTP Request","method":"GET","responseTime":"246ms","statusCode":304,"timestamp":"2025-10-27T04:53:28.003Z","url":"/api/users/68fef891c26a67681479d98c","userAgent":"Mozilla/5.0 (Windows NT 10.0; Win64; x64) AppleWebKit/537.36 (KHTML, like Gecko) Chrome/141.0.0.0 Safari/537.36","userId":"68fef891c26a67681479d98c"}
{"level":"http","message":"::1 - - [27/Oct/2025:04:53:28 +0000] \"GET /api/users/68fef891c26a67681479d98c HTTP/1.1\" 304 - \"http://localhost:3000/\" \"Mozilla/5.0 (Windows NT 10.0; Win64; x64) AppleWebKit/537.36 (KHTML, like Gecko) Chrome/141.0.0.0 Safari/537.36\"","timestamp":"2025-10-27T04:53:28.005Z"}
{"ip":"::1","level":"info","message":"Request Started","method":"GET","timestamp":"2025-10-27T04:53:28.550Z","url":"/api/announcements?page=1&limit=10","userAgent":"node","userId":null}
{"context":"App","level":"info","message":"Announcements retrieved","query":{"limit":"10","page":"1"},"resultCount":0,"timestamp":"2025-10-27T04:53:28.666Z","totalCount":0}
{"ip":"::1","level":"http","message":"HTTP Request","method":"GET","responseTime":"117ms","statusCode":200,"timestamp":"2025-10-27T04:53:28.667Z","url":"/api/announcements?page=1&limit=10","userAgent":"node","userId":null}
{"level":"http","message":"::1 - - [27/Oct/2025:04:53:28 +0000] \"GET /api/announcements?page=1&limit=10 HTTP/1.1\" 200 155 \"-\" \"node\"","timestamp":"2025-10-27T04:53:28.669Z"}
{"ip":"::1","level":"info","message":"Request Started","method":"GET","timestamp":"2025-10-27T04:53:29.197Z","url":"/api/announcements?page=1&limit=10","userAgent":"node","userId":null}
{"context":"App","level":"info","message":"Announcements retrieved","query":{"limit":"10","page":"1"},"resultCount":0,"timestamp":"2025-10-27T04:53:29.304Z","totalCount":0}
{"ip":"::1","level":"http","message":"HTTP Request","method":"GET","responseTime":"108ms","statusCode":200,"timestamp":"2025-10-27T04:53:29.305Z","url":"/api/announcements?page=1&limit=10","userAgent":"node","userId":null}
{"level":"http","message":"::1 - - [27/Oct/2025:04:53:29 +0000] \"GET /api/announcements?page=1&limit=10 HTTP/1.1\" 200 155 \"-\" \"node\"","timestamp":"2025-10-27T04:53:29.305Z"}
{"ip":"::1","level":"info","message":"Request Started","method":"GET","timestamp":"2025-10-27T04:53:31.770Z","url":"/api/auth/me","userAgent":"Mozilla/5.0 (Windows NT 10.0; Win64; x64) AppleWebKit/537.36 (KHTML, like Gecko) Chrome/141.0.0.0 Safari/537.36","userId":null}
{"ip":"::1","level":"info","message":"Request Started","method":"GET","timestamp":"2025-10-27T04:53:31.774Z","url":"/api/communication/unread-count","userAgent":"Mozilla/5.0 (Windows NT 10.0; Win64; x64) AppleWebKit/537.36 (KHTML, like Gecko) Chrome/141.0.0.0 Safari/537.36","userId":null}
{"ip":"::1","level":"http","message":"HTTP Request","method":"GET","responseTime":"116ms","statusCode":200,"timestamp":"2025-10-27T04:53:31.886Z","url":"/api/auth/me","userAgent":"Mozilla/5.0 (Windows NT 10.0; Win64; x64) AppleWebKit/537.36 (KHTML, like Gecko) Chrome/141.0.0.0 Safari/537.36","userId":"68fef891c26a67681479d98c"}
{"level":"http","message":"::1 - - [27/Oct/2025:04:53:31 +0000] \"GET /api/auth/me HTTP/1.1\" 200 3186 \"http://localhost:3000/\" \"Mozilla/5.0 (Windows NT 10.0; Win64; x64) AppleWebKit/537.36 (KHTML, like Gecko) Chrome/141.0.0.0 Safari/537.36\"","timestamp":"2025-10-27T04:53:31.888Z"}
{"ip":"::1","level":"info","message":"Request Started","method":"GET","timestamp":"2025-10-27T04:53:31.889Z","url":"/api/auth/me","userAgent":"Mozilla/5.0 (Windows NT 10.0; Win64; x64) AppleWebKit/537.36 (KHTML, like Gecko) Chrome/141.0.0.0 Safari/537.36","userId":null}
{"ip":"::1","level":"http","message":"HTTP Request","method":"GET","responseTime":"122ms","statusCode":200,"timestamp":"2025-10-27T04:53:31.896Z","url":"/api/communication/unread-count","userAgent":"Mozilla/5.0 (Windows NT 10.0; Win64; x64) AppleWebKit/537.36 (KHTML, like Gecko) Chrome/141.0.0.0 Safari/537.36","userId":"68fef891c26a67681479d98c"}
{"level":"http","message":"::1 - - [27/Oct/2025:04:53:31 +0000] \"GET /api/communication/unread-count HTTP/1.1\" 200 41 \"http://localhost:3000/\" \"Mozilla/5.0 (Windows NT 10.0; Win64; x64) AppleWebKit/537.36 (KHTML, like Gecko) Chrome/141.0.0.0 Safari/537.36\"","timestamp":"2025-10-27T04:53:31.898Z"}
{"ip":"::1","level":"info","message":"Request Started","method":"GET","timestamp":"2025-10-27T04:53:31.903Z","url":"/api/communication/conversations","userAgent":"Mozilla/5.0 (Windows NT 10.0; Win64; x64) AppleWebKit/537.36 (KHTML, like Gecko) Chrome/141.0.0.0 Safari/537.36","userId":null}
{"ip":"::1","level":"info","message":"Request Started","method":"GET","timestamp":"2025-10-27T04:53:31.909Z","url":"/api/communication/unread-count","userAgent":"Mozilla/5.0 (Windows NT 10.0; Win64; x64) AppleWebKit/537.36 (KHTML, like Gecko) Chrome/141.0.0.0 Safari/537.36","userId":null}
{"ip":"::1","level":"http","message":"HTTP Request","method":"GET","responseTime":"103ms","statusCode":200,"timestamp":"2025-10-27T04:53:32.006Z","url":"/api/communication/conversations","userAgent":"Mozilla/5.0 (Windows NT 10.0; Win64; x64) AppleWebKit/537.36 (KHTML, like Gecko) Chrome/141.0.0.0 Safari/537.36","userId":"68fef891c26a67681479d98c"}
{"level":"http","message":"::1 - - [27/Oct/2025:04:53:32 +0000] \"GET /api/communication/conversations HTTP/1.1\" 200 65 \"http://localhost:3000/\" \"Mozilla/5.0 (Windows NT 10.0; Win64; x64) AppleWebKit/537.36 (KHTML, like Gecko) Chrome/141.0.0.0 Safari/537.36\"","timestamp":"2025-10-27T04:53:32.010Z"}
{"ip":"::1","level":"http","message":"HTTP Request","method":"GET","responseTime":"127ms","statusCode":304,"timestamp":"2025-10-27T04:53:32.016Z","url":"/api/auth/me","userAgent":"Mozilla/5.0 (Windows NT 10.0; Win64; x64) AppleWebKit/537.36 (KHTML, like Gecko) Chrome/141.0.0.0 Safari/537.36","userId":"68fef891c26a67681479d98c"}
{"level":"http","message":"::1 - - [27/Oct/2025:04:53:32 +0000] \"GET /api/auth/me HTTP/1.1\" 304 - \"http://localhost:3000/\" \"Mozilla/5.0 (Windows NT 10.0; Win64; x64) AppleWebKit/537.36 (KHTML, like Gecko) Chrome/141.0.0.0 Safari/537.36\"","timestamp":"2025-10-27T04:53:32.019Z"}
{"ip":"::1","level":"info","message":"Request Started","method":"GET","timestamp":"2025-10-27T04:53:32.031Z","url":"/api/communication/conversations","userAgent":"Mozilla/5.0 (Windows NT 10.0; Win64; x64) AppleWebKit/537.36 (KHTML, like Gecko) Chrome/141.0.0.0 Safari/537.36","userId":null}
{"ip":"::1","level":"http","message":"HTTP Request","method":"GET","responseTime":"145ms","statusCode":304,"timestamp":"2025-10-27T04:53:32.054Z","url":"/api/communication/unread-count","userAgent":"Mozilla/5.0 (Windows NT 10.0; Win64; x64) AppleWebKit/537.36 (KHTML, like Gecko) Chrome/141.0.0.0 Safari/537.36","userId":"68fef891c26a67681479d98c"}
{"level":"http","message":"::1 - - [27/Oct/2025:04:53:32 +0000] \"GET /api/communication/unread-count HTTP/1.1\" 304 - \"http://localhost:3000/\" \"Mozilla/5.0 (Windows NT 10.0; Win64; x64) AppleWebKit/537.36 (KHTML, like Gecko) Chrome/141.0.0.0 Safari/537.36\"","timestamp":"2025-10-27T04:53:32.077Z"}
{"ip":"::1","level":"http","message":"HTTP Request","method":"GET","responseTime":"171ms","statusCode":304,"timestamp":"2025-10-27T04:53:32.203Z","url":"/api/communication/conversations","userAgent":"Mozilla/5.0 (Windows NT 10.0; Win64; x64) AppleWebKit/537.36 (KHTML, like Gecko) Chrome/141.0.0.0 Safari/537.36","userId":"68fef891c26a67681479d98c"}
{"level":"http","message":"::1 - - [27/Oct/2025:04:53:32 +0000] \"GET /api/communication/conversations HTTP/1.1\" 304 - \"http://localhost:3000/\" \"Mozilla/5.0 (Windows NT 10.0; Win64; x64) AppleWebKit/537.36 (KHTML, like Gecko) Chrome/141.0.0.0 Safari/537.36\"","timestamp":"2025-10-27T04:53:32.204Z"}
{"ip":"::1","level":"info","message":"Request Started","method":"GET","timestamp":"2025-10-27T04:53:34.567Z","url":"/api/communication/notifications","userAgent":"node","userId":null}
{"ip":"::1","level":"http","message":"HTTP Request","method":"GET","responseTime":"181ms","statusCode":200,"timestamp":"2025-10-27T04:53:34.747Z","url":"/api/communication/notifications","userAgent":"node","userId":"68fef891c26a67681479d98c"}
{"level":"http","message":"::1 - - [27/Oct/2025:04:53:34 +0000] \"GET /api/communication/notifications HTTP/1.1\" 200 65 \"-\" \"node\"","timestamp":"2025-10-27T04:53:34.748Z"}
{"ip":"::1","level":"info","message":"Request Started","method":"GET","timestamp":"2025-10-27T04:53:35.119Z","url":"/api/communication/notifications","userAgent":"node","userId":null}
{"ip":"::1","level":"http","message":"HTTP Request","method":"GET","responseTime":"169ms","statusCode":200,"timestamp":"2025-10-27T04:53:35.288Z","url":"/api/communication/notifications","userAgent":"node","userId":"68fef891c26a67681479d98c"}
{"level":"http","message":"::1 - - [27/Oct/2025:04:53:35 +0000] \"GET /api/communication/notifications HTTP/1.1\" 200 65 \"-\" \"node\"","timestamp":"2025-10-27T04:53:35.291Z"}
{"ip":"::1","level":"info","message":"Request Started","method":"GET","timestamp":"2025-10-27T04:53:40.215Z","url":"/api/users/68fef891c26a67681479d98c","userAgent":"Mozilla/5.0 (Windows NT 10.0; Win64; x64) AppleWebKit/537.36 (KHTML, like Gecko) Chrome/141.0.0.0 Safari/537.36","userId":null}
{"action":"user_view","actor":"68fef891c26a67681479d98c","auditId":"280ee466792672d0204a0398b86806c8","category":"user_management","level":"info","message":"Audit Event Logged","severity":"low","target":"user","timestamp":"2025-10-27T04:53:40.443Z"}
{"ip":"::1","level":"http","message":"HTTP Request","method":"GET","responseTime":"231ms","statusCode":304,"timestamp":"2025-10-27T04:53:40.446Z","url":"/api/users/68fef891c26a67681479d98c","userAgent":"Mozilla/5.0 (Windows NT 10.0; Win64; x64) AppleWebKit/537.36 (KHTML, like Gecko) Chrome/141.0.0.0 Safari/537.36","userId":"68fef891c26a67681479d98c"}
{"level":"http","message":"::1 - - [27/Oct/2025:04:53:40 +0000] \"GET /api/users/68fef891c26a67681479d98c HTTP/1.1\" 304 - \"http://localhost:3000/\" \"Mozilla/5.0 (Windows NT 10.0; Win64; x64) AppleWebKit/537.36 (KHTML, like Gecko) Chrome/141.0.0.0 Safari/537.36\"","timestamp":"2025-10-27T04:53:40.448Z"}
{"ip":"::1","level":"info","message":"Request Started","method":"GET","timestamp":"2025-10-27T04:53:40.850Z","url":"/api/communication/notifications","userAgent":"node","userId":null}
{"ip":"::1","level":"http","message":"HTTP Request","method":"GET","responseTime":"166ms","statusCode":200,"timestamp":"2025-10-27T04:53:41.016Z","url":"/api/communication/notifications","userAgent":"node","userId":"68fef891c26a67681479d98c"}
{"level":"http","message":"::1 - - [27/Oct/2025:04:53:41 +0000] \"GET /api/communication/notifications HTTP/1.1\" 200 65 \"-\" \"node\"","timestamp":"2025-10-27T04:53:41.019Z"}
{"ip":"::1","level":"info","message":"Request Started","method":"GET","timestamp":"2025-10-27T04:53:41.497Z","url":"/api/communication/notifications","userAgent":"node","userId":null}
{"ip":"::1","level":"http","message":"HTTP Request","method":"GET","responseTime":"164ms","statusCode":200,"timestamp":"2025-10-27T04:53:41.661Z","url":"/api/communication/notifications","userAgent":"node","userId":"68fef891c26a67681479d98c"}
{"level":"http","message":"::1 - - [27/Oct/2025:04:53:41 +0000] \"GET /api/communication/notifications HTTP/1.1\" 200 65 \"-\" \"node\"","timestamp":"2025-10-27T04:53:41.665Z"}
{"ip":"::1","level":"info","message":"Request Started","method":"GET","timestamp":"2025-10-27T04:54:03.422Z","url":"/api/users/68fef891c26a67681479d98c","userAgent":"Mozilla/5.0 (Windows NT 10.0; Win64; x64) AppleWebKit/537.36 (KHTML, like Gecko) Chrome/141.0.0.0 Safari/537.36","userId":null}
{"action":"user_view","actor":"68fef891c26a67681479d98c","auditId":"0b404fc6315b08c7f835d961884c681d","category":"user_management","level":"info","message":"Audit Event Logged","severity":"low","target":"user","timestamp":"2025-10-27T04:54:03.664Z"}
{"ip":"::1","level":"http","message":"HTTP Request","method":"GET","responseTime":"244ms","statusCode":304,"timestamp":"2025-10-27T04:54:03.666Z","url":"/api/users/68fef891c26a67681479d98c","userAgent":"Mozilla/5.0 (Windows NT 10.0; Win64; x64) AppleWebKit/537.36 (KHTML, like Gecko) Chrome/141.0.0.0 Safari/537.36","userId":"68fef891c26a67681479d98c"}
{"level":"http","message":"::1 - - [27/Oct/2025:04:54:03 +0000] \"GET /api/users/68fef891c26a67681479d98c HTTP/1.1\" 304 - \"http://localhost:3000/\" \"Mozilla/5.0 (Windows NT 10.0; Win64; x64) AppleWebKit/537.36 (KHTML, like Gecko) Chrome/141.0.0.0 Safari/537.36\"","timestamp":"2025-10-27T04:54:03.669Z"}
{"ip":"::1","level":"info","message":"Request Started","method":"GET","timestamp":"2025-10-27T04:54:04.072Z","url":"/api/communication/notifications","userAgent":"node","userId":null}
{"ip":"::1","level":"http","message":"HTTP Request","method":"GET","responseTime":"168ms","statusCode":200,"timestamp":"2025-10-27T04:54:04.240Z","url":"/api/communication/notifications","userAgent":"node","userId":"68fef891c26a67681479d98c"}
{"level":"http","message":"::1 - - [27/Oct/2025:04:54:04 +0000] \"GET /api/communication/notifications HTTP/1.1\" 200 65 \"-\" \"node\"","timestamp":"2025-10-27T04:54:04.243Z"}
{"ip":"::1","level":"info","message":"Request Started","method":"GET","timestamp":"2025-10-27T04:54:04.701Z","url":"/api/communication/notifications","userAgent":"node","userId":null}
{"ip":"::1","level":"http","message":"HTTP Request","method":"GET","responseTime":"167ms","statusCode":200,"timestamp":"2025-10-27T04:54:04.868Z","url":"/api/communication/notifications","userAgent":"node","userId":"68fef891c26a67681479d98c"}
{"level":"http","message":"::1 - - [27/Oct/2025:04:54:04 +0000] \"GET /api/communication/notifications HTTP/1.1\" 200 65 \"-\" \"node\"","timestamp":"2025-10-27T04:54:04.869Z"}
{"ip":"::1","level":"info","message":"Request Started","method":"GET","timestamp":"2025-10-27T04:54:07.533Z","url":"/api/announcements?page=1&limit=10","userAgent":"node","userId":null}
{"context":"App","level":"info","message":"Announcements retrieved","query":{"limit":"10","page":"1"},"resultCount":0,"timestamp":"2025-10-27T04:54:07.650Z","totalCount":0}
{"ip":"::1","level":"http","message":"HTTP Request","method":"GET","responseTime":"118ms","statusCode":200,"timestamp":"2025-10-27T04:54:07.651Z","url":"/api/announcements?page=1&limit=10","userAgent":"node","userId":null}
{"level":"http","message":"::1 - - [27/Oct/2025:04:54:07 +0000] \"GET /api/announcements?page=1&limit=10 HTTP/1.1\" 200 155 \"-\" \"node\"","timestamp":"2025-10-27T04:54:07.652Z"}
{"ip":"::1","level":"info","message":"Request Started","method":"GET","timestamp":"2025-10-27T04:54:08.122Z","url":"/api/announcements?page=1&limit=10","userAgent":"node","userId":null}
{"context":"App","level":"info","message":"Announcements retrieved","query":{"limit":"10","page":"1"},"resultCount":0,"timestamp":"2025-10-27T04:54:08.231Z","totalCount":0}
{"ip":"::1","level":"http","message":"HTTP Request","method":"GET","responseTime":"109ms","statusCode":200,"timestamp":"2025-10-27T04:54:08.232Z","url":"/api/announcements?page=1&limit=10","userAgent":"node","userId":null}
{"level":"http","message":"::1 - - [27/Oct/2025:04:54:08 +0000] \"GET /api/announcements?page=1&limit=10 HTTP/1.1\" 200 155 \"-\" \"node\"","timestamp":"2025-10-27T04:54:08.232Z"}
{"ip":"::1","level":"info","message":"Request Started","method":"GET","timestamp":"2025-10-27T04:54:51.470Z","url":"/api/users/68fef891c26a67681479d98c","userAgent":"Mozilla/5.0 (Windows NT 10.0; Win64; x64) AppleWebKit/537.36 (KHTML, like Gecko) Chrome/141.0.0.0 Safari/537.36","userId":null}
{"action":"user_view","actor":"68fef891c26a67681479d98c","auditId":"a4605778b3d3e8fcefb052f45d08551d","category":"user_management","level":"info","message":"Audit Event Logged","severity":"low","target":"user","timestamp":"2025-10-27T04:54:51.704Z"}
{"ip":"::1","level":"http","message":"HTTP Request","method":"GET","responseTime":"236ms","statusCode":304,"timestamp":"2025-10-27T04:54:51.706Z","url":"/api/users/68fef891c26a67681479d98c","userAgent":"Mozilla/5.0 (Windows NT 10.0; Win64; x64) AppleWebKit/537.36 (KHTML, like Gecko) Chrome/141.0.0.0 Safari/537.36","userId":"68fef891c26a67681479d98c"}
{"level":"http","message":"::1 - - [27/Oct/2025:04:54:51 +0000] \"GET /api/users/68fef891c26a67681479d98c HTTP/1.1\" 304 - \"http://localhost:3000/\" \"Mozilla/5.0 (Windows NT 10.0; Win64; x64) AppleWebKit/537.36 (KHTML, like Gecko) Chrome/141.0.0.0 Safari/537.36\"","timestamp":"2025-10-27T04:54:51.708Z"}
{"ip":"::1","level":"info","message":"Request Started","method":"GET","timestamp":"2025-10-27T04:54:52.540Z","url":"/api/announcements?page=1&limit=10","userAgent":"node","userId":null}
{"context":"App","level":"info","message":"Announcements retrieved","query":{"limit":"10","page":"1"},"resultCount":0,"timestamp":"2025-10-27T04:54:52.653Z","totalCount":0}
{"ip":"::1","level":"http","message":"HTTP Request","method":"GET","responseTime":"114ms","statusCode":200,"timestamp":"2025-10-27T04:54:52.654Z","url":"/api/announcements?page=1&limit=10","userAgent":"node","userId":null}
{"level":"http","message":"::1 - - [27/Oct/2025:04:54:52 +0000] \"GET /api/announcements?page=1&limit=10 HTTP/1.1\" 200 155 \"-\" \"node\"","timestamp":"2025-10-27T04:54:52.654Z"}
{"ip":"::1","level":"info","message":"Request Started","method":"GET","timestamp":"2025-10-27T04:54:53.052Z","url":"/api/announcements?page=1&limit=10","userAgent":"node","userId":null}
{"context":"App","level":"info","message":"Announcements retrieved","query":{"limit":"10","page":"1"},"resultCount":0,"timestamp":"2025-10-27T04:54:53.174Z","totalCount":0}
{"ip":"::1","level":"http","message":"HTTP Request","method":"GET","responseTime":"133ms","statusCode":200,"timestamp":"2025-10-27T04:54:53.185Z","url":"/api/announcements?page=1&limit=10","userAgent":"node","userId":null}
{"level":"http","message":"::1 - - [27/Oct/2025:04:54:53 +0000] \"GET /api/announcements?page=1&limit=10 HTTP/1.1\" 200 155 \"-\" \"node\"","timestamp":"2025-10-27T04:54:53.204Z"}
{"ip":"::1","level":"info","message":"Request Started","method":"GET","timestamp":"2025-10-27T04:55:52.328Z","url":"/api/localpro-plus/usage","userAgent":"node","userId":null}
{"ip":"::1","level":"warn","message":"HTTP Request","method":"GET","responseTime":"119ms","statusCode":404,"timestamp":"2025-10-27T04:55:52.447Z","url":"/api/localpro-plus/usage","userAgent":"node","userId":"68fef891c26a67681479d98c"}
{"level":"http","message":"::1 - - [27/Oct/2025:04:55:52 +0000] \"GET /api/localpro-plus/usage HTTP/1.1\" 404 51 \"-\" \"node\"","timestamp":"2025-10-27T04:55:52.448Z"}
{"ip":"::1","level":"info","message":"Request Started","method":"GET","timestamp":"2025-10-27T04:55:52.930Z","url":"/api/localpro-plus/usage","userAgent":"node","userId":null}
{"ip":"::1","level":"warn","message":"HTTP Request","method":"GET","responseTime":"116ms","statusCode":404,"timestamp":"2025-10-27T04:55:53.046Z","url":"/api/localpro-plus/usage","userAgent":"node","userId":"68fef891c26a67681479d98c"}
{"level":"http","message":"::1 - - [27/Oct/2025:04:55:53 +0000] \"GET /api/localpro-plus/usage HTTP/1.1\" 404 51 \"-\" \"node\"","timestamp":"2025-10-27T04:55:53.051Z"}
{"ip":"::1","level":"info","message":"Request Started","method":"GET","timestamp":"2025-10-27T04:56:00.395Z","url":"/api/communication/notifications","userAgent":"node","userId":null}
{"ip":"::1","level":"http","message":"HTTP Request","method":"GET","responseTime":"164ms","statusCode":200,"timestamp":"2025-10-27T04:56:00.559Z","url":"/api/communication/notifications","userAgent":"node","userId":"68fef891c26a67681479d98c"}
{"level":"http","message":"::1 - - [27/Oct/2025:04:56:00 +0000] \"GET /api/communication/notifications HTTP/1.1\" 200 65 \"-\" \"node\"","timestamp":"2025-10-27T04:56:00.562Z"}
{"ip":"::1","level":"info","message":"Request Started","method":"GET","timestamp":"2025-10-27T04:56:00.948Z","url":"/api/communication/notifications","userAgent":"node","userId":null}
{"ip":"::1","level":"http","message":"HTTP Request","method":"GET","responseTime":"164ms","statusCode":200,"timestamp":"2025-10-27T04:56:01.112Z","url":"/api/communication/notifications","userAgent":"node","userId":"68fef891c26a67681479d98c"}
{"level":"http","message":"::1 - - [27/Oct/2025:04:56:01 +0000] \"GET /api/communication/notifications HTTP/1.1\" 200 65 \"-\" \"node\"","timestamp":"2025-10-27T04:56:01.114Z"}
{"ip":"::1","level":"info","message":"Request Started","method":"GET","timestamp":"2025-10-27T04:56:02.408Z","url":"/api/announcements?page=1&limit=10","userAgent":"node","userId":null}
{"context":"App","level":"info","message":"Announcements retrieved","query":{"limit":"10","page":"1"},"resultCount":0,"timestamp":"2025-10-27T04:56:02.520Z","totalCount":0}
{"ip":"::1","level":"http","message":"HTTP Request","method":"GET","responseTime":"113ms","statusCode":200,"timestamp":"2025-10-27T04:56:02.521Z","url":"/api/announcements?page=1&limit=10","userAgent":"node","userId":null}
{"level":"http","message":"::1 - - [27/Oct/2025:04:56:02 +0000] \"GET /api/announcements?page=1&limit=10 HTTP/1.1\" 200 155 \"-\" \"node\"","timestamp":"2025-10-27T04:56:02.522Z"}
{"ip":"::1","level":"info","message":"Request Started","method":"GET","timestamp":"2025-10-27T04:56:02.921Z","url":"/api/announcements?page=1&limit=10","userAgent":"node","userId":null}
{"context":"App","level":"info","message":"Announcements retrieved","query":{"limit":"10","page":"1"},"resultCount":0,"timestamp":"2025-10-27T04:56:03.039Z","totalCount":0}
{"ip":"::1","level":"http","message":"HTTP Request","method":"GET","responseTime":"119ms","statusCode":200,"timestamp":"2025-10-27T04:56:03.040Z","url":"/api/announcements?page=1&limit=10","userAgent":"node","userId":null}
{"level":"http","message":"::1 - - [27/Oct/2025:04:56:03 +0000] \"GET /api/announcements?page=1&limit=10 HTTP/1.1\" 200 155 \"-\" \"node\"","timestamp":"2025-10-27T04:56:03.042Z"}
{"ip":"::1","level":"info","message":"Request Started","method":"GET","timestamp":"2025-10-27T04:56:05.249Z","url":"/api/marketplace/services?available=true&sortBy=pricing.basePrice&sortOrder=asc&page=1&limit=15","userAgent":"node","userId":null}
{"ip":"::1","level":"http","message":"HTTP Request","method":"GET","responseTime":"166ms","statusCode":200,"timestamp":"2025-10-27T04:56:05.415Z","url":"/api/marketplace/services?available=true&sortBy=pricing.basePrice&sortOrder=asc&page=1&limit=15","userAgent":"node","userId":null}
{"level":"http","message":"::1 - - [27/Oct/2025:04:56:05 +0000] \"GET /api/marketplace/services?available=true&sortBy=pricing.basePrice&sortOrder=asc&page=1&limit=15 HTTP/1.1\" 200 2240 \"-\" \"node\"","timestamp":"2025-10-27T04:56:05.418Z"}
{"ip":"::1","level":"info","message":"Request Started","method":"GET","timestamp":"2025-10-27T05:10:13.836Z","url":"/api/jobs","userAgent":"node","userId":null}
{"ip":"::1","level":"http","message":"HTTP Request","method":"GET","responseTime":"271ms","statusCode":200,"timestamp":"2025-10-27T05:10:14.106Z","url":"/api/jobs","userAgent":"node","userId":null}
{"level":"http","message":"::1 - - [27/Oct/2025:05:10:14 +0000] \"GET /api/jobs HTTP/1.1\" 200 2182 \"-\" \"node\"","timestamp":"2025-10-27T05:10:14.109Z"}
{"ip":"::1","level":"info","message":"Request Started","method":"GET","timestamp":"2025-10-27T05:11:06.442Z","url":"/api/users/68fef891c26a67681479d98c","userAgent":"Mozilla/5.0 (Windows NT 10.0; Win64; x64) AppleWebKit/537.36 (KHTML, like Gecko) Chrome/141.0.0.0 Safari/537.36","userId":null}
{"action":"user_view","actor":"68fef891c26a67681479d98c","auditId":"ec7c26518a6f1b3d6a7f9eae19964e74","category":"user_management","level":"info","message":"Audit Event Logged","severity":"low","target":"user","timestamp":"2025-10-27T05:11:06.790Z"}
{"ip":"::1","level":"http","message":"HTTP Request","method":"GET","responseTime":"353ms","statusCode":304,"timestamp":"2025-10-27T05:11:06.795Z","url":"/api/users/68fef891c26a67681479d98c","userAgent":"Mozilla/5.0 (Windows NT 10.0; Win64; x64) AppleWebKit/537.36 (KHTML, like Gecko) Chrome/141.0.0.0 Safari/537.36","userId":"68fef891c26a67681479d98c"}
{"level":"http","message":"::1 - - [27/Oct/2025:05:11:06 +0000] \"GET /api/users/68fef891c26a67681479d98c HTTP/1.1\" 304 - \"http://localhost:3000/\" \"Mozilla/5.0 (Windows NT 10.0; Win64; x64) AppleWebKit/537.36 (KHTML, like Gecko) Chrome/141.0.0.0 Safari/537.36\"","timestamp":"2025-10-27T05:11:06.798Z"}
{"ip":"::1","level":"info","message":"Request Started","method":"GET","timestamp":"2025-10-27T05:11:08.697Z","url":"/api/jobs","userAgent":"node","userId":null}
{"ip":"::1","level":"http","message":"HTTP Request","method":"GET","responseTime":"178ms","statusCode":200,"timestamp":"2025-10-27T05:11:08.875Z","url":"/api/jobs","userAgent":"node","userId":null}
{"level":"http","message":"::1 - - [27/Oct/2025:05:11:08 +0000] \"GET /api/jobs HTTP/1.1\" 200 2182 \"-\" \"node\"","timestamp":"2025-10-27T05:11:08.876Z"}
{"ip":"::1","level":"info","message":"Request Started","method":"GET","timestamp":"2025-10-27T05:11:28.045Z","url":"/api/jobs","userAgent":"node","userId":null}
{"ip":"::1","level":"http","message":"HTTP Request","method":"GET","responseTime":"168ms","statusCode":200,"timestamp":"2025-10-27T05:11:28.213Z","url":"/api/jobs","userAgent":"node","userId":null}
{"level":"http","message":"::1 - - [27/Oct/2025:05:11:28 +0000] \"GET /api/jobs HTTP/1.1\" 200 2182 \"-\" \"node\"","timestamp":"2025-10-27T05:11:28.214Z"}
{"ip":"::1","level":"info","message":"Request Started","method":"GET","timestamp":"2025-10-27T05:11:32.183Z","url":"/api/announcements?page=1&limit=10","userAgent":"node","userId":null}
{"context":"App","level":"info","message":"Announcements retrieved","query":{"limit":"10","page":"1"},"resultCount":0,"timestamp":"2025-10-27T05:11:32.306Z","totalCount":0}
{"ip":"::1","level":"http","message":"HTTP Request","method":"GET","responseTime":"125ms","statusCode":200,"timestamp":"2025-10-27T05:11:32.308Z","url":"/api/announcements?page=1&limit=10","userAgent":"node","userId":null}
{"level":"http","message":"::1 - - [27/Oct/2025:05:11:32 +0000] \"GET /api/announcements?page=1&limit=10 HTTP/1.1\" 200 155 \"-\" \"node\"","timestamp":"2025-10-27T05:11:32.309Z"}
{"ip":"::1","level":"info","message":"Request Started","method":"GET","timestamp":"2025-10-27T05:11:32.684Z","url":"/api/announcements?page=1&limit=10","userAgent":"node","userId":null}
{"context":"App","level":"info","message":"Announcements retrieved","query":{"limit":"10","page":"1"},"resultCount":0,"timestamp":"2025-10-27T05:11:32.796Z","totalCount":0}
{"ip":"::1","level":"http","message":"HTTP Request","method":"GET","responseTime":"113ms","statusCode":200,"timestamp":"2025-10-27T05:11:32.798Z","url":"/api/announcements?page=1&limit=10","userAgent":"node","userId":null}
{"level":"http","message":"::1 - - [27/Oct/2025:05:11:32 +0000] \"GET /api/announcements?page=1&limit=10 HTTP/1.1\" 200 155 \"-\" \"node\"","timestamp":"2025-10-27T05:11:32.800Z"}
{"ip":"::1","level":"info","message":"Request Started","method":"GET","timestamp":"2025-10-27T05:17:31.229Z","url":"/api/users/68fef891c26a67681479d98c","userAgent":"Mozilla/5.0 (Windows NT 10.0; Win64; x64) AppleWebKit/537.36 (KHTML, like Gecko) Chrome/141.0.0.0 Safari/537.36","userId":null}
{"action":"user_view","actor":"68fef891c26a67681479d98c","auditId":"c6596c70daf37b789c2e9af5e0768bb9","category":"user_management","level":"info","message":"Audit Event Logged","severity":"low","target":"user","timestamp":"2025-10-27T05:17:31.542Z"}
{"ip":"::1","level":"http","message":"HTTP Request","method":"GET","responseTime":"315ms","statusCode":304,"timestamp":"2025-10-27T05:17:31.544Z","url":"/api/users/68fef891c26a67681479d98c","userAgent":"Mozilla/5.0 (Windows NT 10.0; Win64; x64) AppleWebKit/537.36 (KHTML, like Gecko) Chrome/141.0.0.0 Safari/537.36","userId":"68fef891c26a67681479d98c"}
{"level":"http","message":"::1 - - [27/Oct/2025:05:17:31 +0000] \"GET /api/users/68fef891c26a67681479d98c HTTP/1.1\" 304 - \"http://localhost:3000/\" \"Mozilla/5.0 (Windows NT 10.0; Win64; x64) AppleWebKit/537.36 (KHTML, like Gecko) Chrome/141.0.0.0 Safari/537.36\"","timestamp":"2025-10-27T05:17:31.550Z"}
{"ip":"::1","level":"info","message":"Request Started","method":"GET","timestamp":"2025-10-27T05:17:32.191Z","url":"/api/announcements?page=1&limit=10","userAgent":"node","userId":null}
{"context":"App","level":"info","message":"Announcements retrieved","query":{"limit":"10","page":"1"},"resultCount":0,"timestamp":"2025-10-27T05:17:32.313Z","totalCount":0}
{"ip":"::1","level":"http","message":"HTTP Request","method":"GET","responseTime":"123ms","statusCode":200,"timestamp":"2025-10-27T05:17:32.314Z","url":"/api/announcements?page=1&limit=10","userAgent":"node","userId":null}
{"level":"http","message":"::1 - - [27/Oct/2025:05:17:32 +0000] \"GET /api/announcements?page=1&limit=10 HTTP/1.1\" 200 155 \"-\" \"node\"","timestamp":"2025-10-27T05:17:32.314Z"}
{"ip":"::1","level":"info","message":"Request Started","method":"GET","timestamp":"2025-10-27T05:17:32.711Z","url":"/api/announcements?page=1&limit=10","userAgent":"node","userId":null}
{"context":"App","level":"info","message":"Announcements retrieved","query":{"limit":"10","page":"1"},"resultCount":0,"timestamp":"2025-10-27T05:17:32.822Z","totalCount":0}
{"ip":"::1","level":"http","message":"HTTP Request","method":"GET","responseTime":"112ms","statusCode":200,"timestamp":"2025-10-27T05:17:32.823Z","url":"/api/announcements?page=1&limit=10","userAgent":"node","userId":null}
{"level":"http","message":"::1 - - [27/Oct/2025:05:17:32 +0000] \"GET /api/announcements?page=1&limit=10 HTTP/1.1\" 200 155 \"-\" \"node\"","timestamp":"2025-10-27T05:17:32.824Z"}
{"ip":"::1","level":"info","message":"Request Started","method":"GET","timestamp":"2025-10-27T05:17:44.397Z","url":"/api/users/68fef891c26a67681479d98c","userAgent":"Mozilla/5.0 (Windows NT 10.0; Win64; x64) AppleWebKit/537.36 (KHTML, like Gecko) Chrome/141.0.0.0 Safari/537.36","userId":null}
{"action":"user_view","actor":"68fef891c26a67681479d98c","auditId":"e9b3832c37ad1a3029c65e2b1e3373ad","category":"user_management","level":"info","message":"Audit Event Logged","severity":"low","target":"user","timestamp":"2025-10-27T05:17:44.669Z"}
{"ip":"::1","level":"http","message":"HTTP Request","method":"GET","responseTime":"274ms","statusCode":304,"timestamp":"2025-10-27T05:17:44.671Z","url":"/api/users/68fef891c26a67681479d98c","userAgent":"Mozilla/5.0 (Windows NT 10.0; Win64; x64) AppleWebKit/537.36 (KHTML, like Gecko) Chrome/141.0.0.0 Safari/537.36","userId":"68fef891c26a67681479d98c"}
{"level":"http","message":"::1 - - [27/Oct/2025:05:17:44 +0000] \"GET /api/users/68fef891c26a67681479d98c HTTP/1.1\" 304 - \"http://localhost:3000/\" \"Mozilla/5.0 (Windows NT 10.0; Win64; x64) AppleWebKit/537.36 (KHTML, like Gecko) Chrome/141.0.0.0 Safari/537.36\"","timestamp":"2025-10-27T05:17:44.673Z"}
{"ip":"::1","level":"info","message":"Request Started","method":"GET","timestamp":"2025-10-27T05:17:45.182Z","url":"/api/announcements?page=1&limit=10","userAgent":"node","userId":null}
{"context":"App","level":"info","message":"Announcements retrieved","query":{"limit":"10","page":"1"},"resultCount":0,"timestamp":"2025-10-27T05:17:45.302Z","totalCount":0}
{"ip":"::1","level":"http","message":"HTTP Request","method":"GET","responseTime":"122ms","statusCode":200,"timestamp":"2025-10-27T05:17:45.304Z","url":"/api/announcements?page=1&limit=10","userAgent":"node","userId":null}
{"level":"http","message":"::1 - - [27/Oct/2025:05:17:45 +0000] \"GET /api/announcements?page=1&limit=10 HTTP/1.1\" 200 155 \"-\" \"node\"","timestamp":"2025-10-27T05:17:45.306Z"}
{"ip":"::1","level":"info","message":"Request Started","method":"GET","timestamp":"2025-10-27T05:17:45.749Z","url":"/api/announcements?page=1&limit=10","userAgent":"node","userId":null}
{"context":"App","level":"info","message":"Announcements retrieved","query":{"limit":"10","page":"1"},"resultCount":0,"timestamp":"2025-10-27T05:17:45.857Z","totalCount":0}
{"ip":"::1","level":"http","message":"HTTP Request","method":"GET","responseTime":"109ms","statusCode":200,"timestamp":"2025-10-27T05:17:45.858Z","url":"/api/announcements?page=1&limit=10","userAgent":"node","userId":null}
{"level":"http","message":"::1 - - [27/Oct/2025:05:17:45 +0000] \"GET /api/announcements?page=1&limit=10 HTTP/1.1\" 200 155 \"-\" \"node\"","timestamp":"2025-10-27T05:17:45.859Z"}
{"ip":"::1","level":"info","message":"Request Started","method":"GET","timestamp":"2025-10-27T05:18:37.312Z","url":"/api/users/68fef891c26a67681479d98c","userAgent":"Mozilla/5.0 (Windows NT 10.0; Win64; x64) AppleWebKit/537.36 (KHTML, like Gecko) Chrome/141.0.0.0 Safari/537.36","userId":null}
{"action":"user_view","actor":"68fef891c26a67681479d98c","auditId":"8e856d8b7b13642a8e6d622d7617c9c8","category":"user_management","level":"info","message":"Audit Event Logged","severity":"low","target":"user","timestamp":"2025-10-27T05:18:37.560Z"}
{"ip":"::1","level":"http","message":"HTTP Request","method":"GET","responseTime":"249ms","statusCode":304,"timestamp":"2025-10-27T05:18:37.561Z","url":"/api/users/68fef891c26a67681479d98c","userAgent":"Mozilla/5.0 (Windows NT 10.0; Win64; x64) AppleWebKit/537.36 (KHTML, like Gecko) Chrome/141.0.0.0 Safari/537.36","userId":"68fef891c26a67681479d98c"}
{"level":"http","message":"::1 - - [27/Oct/2025:05:18:37 +0000] \"GET /api/users/68fef891c26a67681479d98c HTTP/1.1\" 304 - \"http://localhost:3000/\" \"Mozilla/5.0 (Windows NT 10.0; Win64; x64) AppleWebKit/537.36 (KHTML, like Gecko) Chrome/141.0.0.0 Safari/537.36\"","timestamp":"2025-10-27T05:18:37.561Z"}
{"ip":"::1","level":"info","message":"Request Started","method":"GET","timestamp":"2025-10-27T05:18:38.179Z","url":"/api/announcements?page=1&limit=10","userAgent":"node","userId":null}
{"context":"App","level":"info","message":"Announcements retrieved","query":{"limit":"10","page":"1"},"resultCount":0,"timestamp":"2025-10-27T05:18:38.295Z","totalCount":0}
{"ip":"::1","level":"http","message":"HTTP Request","method":"GET","responseTime":"117ms","statusCode":200,"timestamp":"2025-10-27T05:18:38.296Z","url":"/api/announcements?page=1&limit=10","userAgent":"node","userId":null}
{"level":"http","message":"::1 - - [27/Oct/2025:05:18:38 +0000] \"GET /api/announcements?page=1&limit=10 HTTP/1.1\" 200 155 \"-\" \"node\"","timestamp":"2025-10-27T05:18:38.297Z"}
{"ip":"::1","level":"info","message":"Request Started","method":"GET","timestamp":"2025-10-27T05:18:38.699Z","url":"/api/announcements?page=1&limit=10","userAgent":"node","userId":null}
{"context":"App","level":"info","message":"Announcements retrieved","query":{"limit":"10","page":"1"},"resultCount":0,"timestamp":"2025-10-27T05:18:38.808Z","totalCount":0}
{"ip":"::1","level":"http","message":"HTTP Request","method":"GET","responseTime":"110ms","statusCode":200,"timestamp":"2025-10-27T05:18:38.809Z","url":"/api/announcements?page=1&limit=10","userAgent":"node","userId":null}
{"level":"http","message":"::1 - - [27/Oct/2025:05:18:38 +0000] \"GET /api/announcements?page=1&limit=10 HTTP/1.1\" 200 155 \"-\" \"node\"","timestamp":"2025-10-27T05:18:38.810Z"}
{"ip":"::1","level":"info","message":"Request Started","method":"GET","timestamp":"2025-10-27T05:19:23.714Z","url":"/api/users/68fef891c26a67681479d98c","userAgent":"Mozilla/5.0 (Windows NT 10.0; Win64; x64) AppleWebKit/537.36 (KHTML, like Gecko) Chrome/141.0.0.0 Safari/537.36","userId":null}
{"action":"user_view","actor":"68fef891c26a67681479d98c","auditId":"6716ec68eaa526ef82f32c2123c18c2e","category":"user_management","level":"info","message":"Audit Event Logged","severity":"low","target":"user","timestamp":"2025-10-27T05:19:23.962Z"}
{"ip":"::1","level":"http","message":"HTTP Request","method":"GET","responseTime":"250ms","statusCode":304,"timestamp":"2025-10-27T05:19:23.964Z","url":"/api/users/68fef891c26a67681479d98c","userAgent":"Mozilla/5.0 (Windows NT 10.0; Win64; x64) AppleWebKit/537.36 (KHTML, like Gecko) Chrome/141.0.0.0 Safari/537.36","userId":"68fef891c26a67681479d98c"}
{"level":"http","message":"::1 - - [27/Oct/2025:05:19:23 +0000] \"GET /api/users/68fef891c26a67681479d98c HTTP/1.1\" 304 - \"http://localhost:3000/\" \"Mozilla/5.0 (Windows NT 10.0; Win64; x64) AppleWebKit/537.36 (KHTML, like Gecko) Chrome/141.0.0.0 Safari/537.36\"","timestamp":"2025-10-27T05:19:23.965Z"}
{"ip":"::1","level":"info","message":"Request Started","method":"GET","timestamp":"2025-10-27T05:19:24.539Z","url":"/api/announcements?page=1&limit=10","userAgent":"node","userId":null}
{"context":"App","level":"info","message":"Announcements retrieved","query":{"limit":"10","page":"1"},"resultCount":0,"timestamp":"2025-10-27T05:19:24.651Z","totalCount":0}
{"ip":"::1","level":"http","message":"HTTP Request","method":"GET","responseTime":"113ms","statusCode":200,"timestamp":"2025-10-27T05:19:24.652Z","url":"/api/announcements?page=1&limit=10","userAgent":"node","userId":null}
{"level":"http","message":"::1 - - [27/Oct/2025:05:19:24 +0000] \"GET /api/announcements?page=1&limit=10 HTTP/1.1\" 200 155 \"-\" \"node\"","timestamp":"2025-10-27T05:19:24.653Z"}
{"ip":"::1","level":"info","message":"Request Started","method":"GET","timestamp":"2025-10-27T05:19:25.026Z","url":"/api/announcements?page=1&limit=10","userAgent":"node","userId":null}
{"context":"App","level":"info","message":"Announcements retrieved","query":{"limit":"10","page":"1"},"resultCount":0,"timestamp":"2025-10-27T05:19:25.152Z","totalCount":0}
{"ip":"::1","level":"http","message":"HTTP Request","method":"GET","responseTime":"127ms","statusCode":200,"timestamp":"2025-10-27T05:19:25.153Z","url":"/api/announcements?page=1&limit=10","userAgent":"node","userId":null}
{"level":"http","message":"::1 - - [27/Oct/2025:05:19:25 +0000] \"GET /api/announcements?page=1&limit=10 HTTP/1.1\" 200 155 \"-\" \"node\"","timestamp":"2025-10-27T05:19:25.155Z"}
